{"level":"info","message":"Base de datos conectada correctamente","timestamp":"2025-05-08T02:11:58.539Z"}
{"level":"info","message":"Servidor corriendo en el puerto 3000","timestamp":"2025-05-08T02:11:58.545Z"}
{"level":"info","message":"GET /api/usuarios","timestamp":"2025-05-08T02:33:09.101Z"}
{"level":"info","message":"GET /api/usuarios","timestamp":"2025-05-08T02:33:09.106Z"}
{"level":"info","message":"GET /api/api/pedidos","timestamp":"2025-05-08T02:34:05.451Z"}
{"level":"info","message":"GET /api/api/usuarios","timestamp":"2025-05-08T02:34:05.453Z"}
{"level":"info","message":"GET /api/api/pedidos","timestamp":"2025-05-08T02:34:14.510Z"}
{"level":"info","message":"GET /api/api/usuarios","timestamp":"2025-05-08T02:34:14.512Z"}
{"level":"info","message":"GET /api/api/pedidos","timestamp":"2025-05-08T02:34:14.515Z"}
{"level":"info","message":"GET /api/api/usuarios","timestamp":"2025-05-08T02:34:14.516Z"}
{"level":"info","message":"GET /api/api/pedidos","timestamp":"2025-05-08T02:34:15.136Z"}
{"level":"info","message":"GET /api/api/usuarios","timestamp":"2025-05-08T02:34:15.138Z"}
{"level":"info","message":"GET /api/api/pedidos","timestamp":"2025-05-08T02:34:15.141Z"}
{"level":"info","message":"GET /api/api/usuarios","timestamp":"2025-05-08T02:34:15.144Z"}
{"level":"info","message":"GET /api/api/pedidos","timestamp":"2025-05-08T02:34:15.416Z"}
{"level":"info","message":"GET /api/api/usuarios","timestamp":"2025-05-08T02:34:15.418Z"}
{"level":"info","message":"GET /api/api/pedidos","timestamp":"2025-05-08T02:34:15.419Z"}
{"level":"info","message":"GET /api/api/usuarios","timestamp":"2025-05-08T02:34:15.421Z"}
{"level":"info","message":"GET /api/api/pedidos","timestamp":"2025-05-08T02:34:43.661Z"}
{"level":"info","message":"GET /api/api/usuarios","timestamp":"2025-05-08T02:34:43.663Z"}
{"level":"info","message":"GET /api/api/pedidos","timestamp":"2025-05-08T02:34:43.667Z"}
{"level":"info","message":"GET /api/api/usuarios","timestamp":"2025-05-08T02:34:43.669Z"}
{"level":"info","message":"GET /api/api/pedidos","timestamp":"2025-05-08T02:35:43.449Z"}
{"level":"info","message":"GET /api/api/usuarios","timestamp":"2025-05-08T02:35:43.454Z"}
{"level":"info","message":"GET /api/api/pedidos","timestamp":"2025-05-08T02:36:18.889Z"}
{"level":"info","message":"GET /api/api/pedidos","timestamp":"2025-05-08T02:36:18.892Z"}
{"level":"info","message":"GET /api/api/usuarios","timestamp":"2025-05-08T02:36:18.896Z"}
{"level":"info","message":"GET /api/api/usuarios","timestamp":"2025-05-08T02:36:18.900Z"}
{"level":"info","message":"GET /api/api/pedidos","timestamp":"2025-05-08T02:36:25.516Z"}
{"level":"info","message":"GET /api/api/pedidos","timestamp":"2025-05-08T02:36:25.518Z"}
{"level":"info","message":"GET /api/api/usuarios","timestamp":"2025-05-08T02:36:25.529Z"}
{"level":"info","message":"GET /api/api/usuarios","timestamp":"2025-05-08T02:36:25.534Z"}
{"level":"info","message":"GET /api/pedidos/admin","timestamp":"2025-05-08T02:38:36.464Z"}
{"level":"info","message":"GET /api/usuarios/admin","timestamp":"2025-05-08T02:38:36.469Z"}
{"level":"info","message":"Base de datos conectada correctamente","timestamp":"2025-05-08T02:38:57.920Z"}
{"level":"info","message":"Servidor corriendo en el puerto 3000","timestamp":"2025-05-08T02:38:57.925Z"}
{"level":"info","message":"Base de datos conectada correctamente","timestamp":"2025-05-08T02:39:08.912Z"}
{"level":"info","message":"Servidor corriendo en el puerto 3000","timestamp":"2025-05-08T02:39:08.917Z"}
{"level":"info","message":"Base de datos conectada correctamente","timestamp":"2025-05-08T02:40:16.136Z"}
{"level":"info","message":"Servidor corriendo en el puerto 3000","timestamp":"2025-05-08T02:40:16.141Z"}
{"level":"info","message":"Base de datos conectada correctamente","timestamp":"2025-05-08T02:40:22.016Z"}
{"level":"info","message":"Servidor corriendo en el puerto 3000","timestamp":"2025-05-08T02:40:22.023Z"}
{"level":"info","message":"Base de datos conectada correctamente","timestamp":"2025-05-08T02:40:54.207Z"}
{"level":"info","message":"Servidor corriendo en el puerto 3000","timestamp":"2025-05-08T02:40:54.212Z"}
{"level":"info","message":"GET /api/pedidos","timestamp":"2025-05-08T02:41:30.517Z"}
{"level":"info","message":"GET /api/pedidos","timestamp":"2025-05-08T02:41:30.525Z"}
{"level":"info","message":"GET /api/pedidos","timestamp":"2025-05-08T02:41:33.837Z"}
{"level":"info","message":"GET /api/pedidos","timestamp":"2025-05-08T02:41:33.842Z"}
{"level":"info","message":"Base de datos conectada correctamente","timestamp":"2025-05-08T02:42:53.029Z"}
{"level":"info","message":"Servidor corriendo en el puerto 3000","timestamp":"2025-05-08T02:42:53.040Z"}
{"level":"info","message":"Base de datos conectada correctamente","timestamp":"2025-05-08T02:44:54.560Z"}
{"level":"info","message":"Servidor corriendo en el puerto 3000","timestamp":"2025-05-08T02:44:54.566Z"}
{"level":"info","message":"Base de datos conectada correctamente","timestamp":"2025-05-08T02:53:06.104Z"}
{"level":"info","message":"Servidor corriendo en el puerto 3000","timestamp":"2025-05-08T02:53:06.111Z"}
{"level":"info","message":"Base de datos conectada correctamente","timestamp":"2025-05-08T03:02:11.070Z"}
{"level":"info","message":"Servidor corriendo en el puerto 3000","timestamp":"2025-05-08T03:02:11.075Z"}
{"level":"info","message":"Base de datos conectada correctamente","timestamp":"2025-05-08T03:05:37.632Z"}
{"level":"info","message":"Servidor corriendo en el puerto 3000","timestamp":"2025-05-08T03:05:37.637Z"}
{"level":"info","message":"GET /api/pedidos","timestamp":"2025-05-08T03:19:11.688Z"}
{"level":"info","message":"GET /api/pedidos","timestamp":"2025-05-08T03:19:11.693Z"}
{"level":"info","message":"GET /api/pedidos","timestamp":"2025-05-08T03:19:14.276Z"}
{"level":"info","message":"GET /api/pedidos","timestamp":"2025-05-08T03:19:14.281Z"}
{"level":"info","message":"GET /api/pedidos","timestamp":"2025-05-08T03:21:01.721Z"}
{"level":"info","message":"GET /api/pedidos","timestamp":"2025-05-08T03:21:01.731Z"}
{"level":"info","message":"GET /api/pedidos","timestamp":"2025-05-08T03:21:03.345Z"}
{"level":"info","message":"GET /api/pedidos","timestamp":"2025-05-08T03:21:03.356Z"}
{"level":"info","message":"Base de datos conectada correctamente","timestamp":"2025-05-08T03:24:24.330Z"}
{"level":"info","message":"Servidor corriendo en el puerto 3000","timestamp":"2025-05-08T03:24:24.342Z"}
{"level":"info","message":"GET /api/pedidos","timestamp":"2025-05-08T03:25:51.025Z"}
{"level":"info","message":"GET /api/pedidos","timestamp":"2025-05-08T03:25:51.033Z"}
{"level":"info","message":"GET /api/pedidos","timestamp":"2025-05-08T03:26:06.357Z"}
{"level":"info","message":"GET /api/pedidos","timestamp":"2025-05-08T03:26:06.362Z"}
{"level":"info","message":"GET /api/pedidos","timestamp":"2025-05-08T03:30:23.917Z"}
{"level":"info","message":"GET /api/pedidos","timestamp":"2025-05-08T03:30:23.922Z"}
{"level":"info","message":"Base de datos conectada correctamente","timestamp":"2025-05-09T15:19:22.546Z"}
{"level":"info","message":"Servidor corriendo en el puerto 3000","timestamp":"2025-05-09T15:19:22.551Z"}
{"code":"ENOENT","errno":-4058,"expose":false,"level":"error","message":"Error: ENOENT: no such file or directory, stat 'C:\\Users\\santi\\Desktop\\imprenta\\backend-imprenta\\uploads\\test.pdf'","path":"C:\\Users\\santi\\Desktop\\imprenta\\backend-imprenta\\uploads\\test.pdf","stack":"Error: ENOENT: no such file or directory, stat 'C:\\Users\\santi\\Desktop\\imprenta\\backend-imprenta\\uploads\\test.pdf'","status":404,"statusCode":404,"syscall":"stat","timestamp":"2025-05-09T15:30:12.501Z"}
{"level":"error","message":"Error al iniciar el servidor: Access denied for user 'root'@'localhost' (using password: NO)","name":"SequelizeAccessDeniedError","original":{"code":"ER_ACCESS_DENIED_ERROR","errno":1045,"sqlMessage":"Access denied for user 'root'@'localhost' (using password: NO)","sqlState":"28000"},"parent":{"code":"ER_ACCESS_DENIED_ERROR","errno":1045,"sqlMessage":"Access denied for user 'root'@'localhost' (using password: NO)","sqlState":"28000"},"stack":"SequelizeAccessDeniedError: Access denied for user 'root'@'localhost' (using password: NO)\n    at ConnectionManager.connect (C:\\Users\\santi\\Desktop\\imprenta\\backend-imprenta\\node_modules\\sequelize\\lib\\dialects\\mysql\\connection-manager.js:94:17)\n    at process.processTicksAndRejections (node:internal/process/task_queues:105:5)\n    at async ConnectionManager._connect (C:\\Users\\santi\\Desktop\\imprenta\\backend-imprenta\\node_modules\\sequelize\\lib\\dialects\\abstract\\connection-manager.js:222:24)\n    at async C:\\Users\\santi\\Desktop\\imprenta\\backend-imprenta\\node_modules\\sequelize\\lib\\dialects\\abstract\\connection-manager.js:174:32","timestamp":"2025-05-10T01:13:33.304Z"}
{"level":"error","message":"Error al iniciar el servidor: Access denied for user 'root'@'localhost' (using password: NO)","name":"SequelizeAccessDeniedError","original":{"code":"ER_ACCESS_DENIED_ERROR","errno":1045,"sqlMessage":"Access denied for user 'root'@'localhost' (using password: NO)","sqlState":"28000"},"parent":{"code":"ER_ACCESS_DENIED_ERROR","errno":1045,"sqlMessage":"Access denied for user 'root'@'localhost' (using password: NO)","sqlState":"28000"},"stack":"SequelizeAccessDeniedError: Access denied for user 'root'@'localhost' (using password: NO)\n    at ConnectionManager.connect (C:\\Users\\santi\\Desktop\\imprenta\\backend-imprenta\\node_modules\\sequelize\\lib\\dialects\\mysql\\connection-manager.js:94:17)\n    at process.processTicksAndRejections (node:internal/process/task_queues:105:5)\n    at async ConnectionManager._connect (C:\\Users\\santi\\Desktop\\imprenta\\backend-imprenta\\node_modules\\sequelize\\lib\\dialects\\abstract\\connection-manager.js:222:24)\n    at async C:\\Users\\santi\\Desktop\\imprenta\\backend-imprenta\\node_modules\\sequelize\\lib\\dialects\\abstract\\connection-manager.js:174:32","timestamp":"2025-05-10T01:16:18.363Z"}
{"level":"info","message":"Base de datos conectada correctamente","timestamp":"2025-05-10T01:18:01.326Z"}
{"level":"info","message":"Servidor corriendo en el puerto 3000","timestamp":"2025-05-10T01:18:01.332Z"}
{"level":"info","message":"Base de datos conectada correctamente","timestamp":"2025-05-10T01:38:36.804Z"}
{"level":"info","message":"Servidor corriendo en el puerto 3000","timestamp":"2025-05-10T01:38:36.809Z"}
{"level":"info","message":"Base de datos conectada correctamente","timestamp":"2025-05-10T01:41:20.537Z"}
{"level":"info","message":"Servidor corriendo en el puerto 3000","timestamp":"2025-05-10T01:41:20.543Z"}
{"level":"info","message":"Base de datos conectada correctamente","timestamp":"2025-05-10T01:42:42.418Z"}
{"level":"info","message":"Servidor corriendo en el puerto 3000","timestamp":"2025-05-10T01:42:42.423Z"}
{"level":"info","message":"Base de datos conectada correctamente","timestamp":"2025-05-10T01:44:38.402Z"}
{"level":"info","message":"Servidor corriendo en el puerto 3000","timestamp":"2025-05-10T01:44:38.409Z"}
{"level":"info","message":"Base de datos conectada correctamente","timestamp":"2025-05-10T03:35:04.736Z"}
{"level":"info","message":"Servidor corriendo en el puerto 3000","timestamp":"2025-05-10T03:35:04.740Z"}
{"level":"info","message":"Base de datos conectada correctamente","timestamp":"2025-05-10T03:35:11.109Z"}
{"level":"info","message":"Servidor corriendo en el puerto 3000","timestamp":"2025-05-10T03:35:11.114Z"}
{"level":"info","message":"Base de datos conectada correctamente","timestamp":"2025-05-10T03:43:14.892Z"}
{"level":"info","message":"Servidor corriendo en el puerto 3000","timestamp":"2025-05-10T03:43:14.898Z"}
{"level":"info","message":"Base de datos conectada correctamente","timestamp":"2025-05-10T03:45:15.660Z"}
{"level":"info","message":"Servidor corriendo en el puerto 3000","timestamp":"2025-05-10T03:45:15.667Z"}
{"level":"info","message":"Base de datos conectada correctamente","timestamp":"2025-05-10T03:49:42.831Z"}
{"level":"info","message":"Servidor corriendo en el puerto 3000","timestamp":"2025-05-10T03:49:42.838Z"}
{"level":"info","message":"Base de datos conectada correctamente","timestamp":"2025-05-10T22:48:07.724Z"}
{"level":"info","message":"Servidor corriendo en el puerto 3000","timestamp":"2025-05-10T22:48:07.728Z"}
{"level":"info","message":"Base de datos conectada correctamente","timestamp":"2025-05-10T22:50:41.405Z"}
{"level":"info","message":"Servidor corriendo en el puerto 3000","timestamp":"2025-05-10T22:50:41.410Z"}
{"level":"info","message":"Base de datos conectada correctamente","timestamp":"2025-05-10T22:52:50.338Z"}
{"level":"info","message":"Servidor corriendo en el puerto 3000","timestamp":"2025-05-10T22:52:50.343Z"}
{"level":"info","message":"Base de datos conectada correctamente","timestamp":"2025-05-10T22:56:24.953Z"}
{"level":"info","message":"Servidor corriendo en el puerto 3000","timestamp":"2025-05-10T22:56:24.958Z"}
{"level":"info","message":"Base de datos conectada correctamente","timestamp":"2025-05-12T03:26:34.121Z"}
{"level":"info","message":"Servidor corriendo en el puerto 3000","timestamp":"2025-05-12T03:26:34.131Z"}
{"level":"info","message":"Base de datos conectada correctamente","timestamp":"2025-05-12T18:25:40.088Z"}
{"level":"info","message":"Servidor corriendo en el puerto 3000","timestamp":"2025-05-12T18:25:40.093Z"}
{"level":"info","message":"GET /favicon.ico","timestamp":"2025-05-12T18:26:29.197Z"}
{"level":"info","message":"Base de datos conectada correctamente","timestamp":"2025-05-12T18:31:10.516Z"}
{"level":"info","message":"Servidor corriendo en el puerto 3000","timestamp":"2025-05-12T18:31:10.522Z"}
{"level":"info","message":"Base de datos conectada correctamente","timestamp":"2025-05-12T18:31:50.116Z"}
{"level":"info","message":"Servidor corriendo en el puerto 3000","timestamp":"2025-05-12T18:31:50.122Z"}
{"level":"info","message":"Base de datos conectada correctamente","timestamp":"2025-05-12T18:33:24.040Z"}
{"level":"info","message":"Servidor corriendo en el puerto 3000","timestamp":"2025-05-12T18:33:24.044Z"}
{"level":"info","message":"Base de datos conectada correctamente","timestamp":"2025-05-12T18:36:28.889Z"}
{"level":"info","message":"Servidor corriendo en el puerto 3000","timestamp":"2025-05-12T18:36:28.897Z"}
{"level":"info","message":"Base de datos conectada correctamente","timestamp":"2025-05-12T18:43:21.561Z"}
{"level":"info","message":"Servidor corriendo en el puerto 3000","timestamp":"2025-05-12T18:43:21.566Z"}
{"level":"info","message":"Base de datos conectada correctamente","timestamp":"2025-05-12T18:46:32.276Z"}
{"level":"info","message":"Servidor corriendo en el puerto 3000","timestamp":"2025-05-12T18:46:32.282Z"}
{"level":"info","message":"Base de datos conectada correctamente","timestamp":"2025-05-12T18:50:21.108Z"}
{"level":"info","message":"Servidor corriendo en el puerto 3000","timestamp":"2025-05-12T18:50:21.115Z"}
{"level":"info","message":"Base de datos conectada correctamente","timestamp":"2025-05-12T18:50:22.049Z"}
{"level":"info","message":"Servidor corriendo en el puerto 3000","timestamp":"2025-05-12T18:50:22.054Z"}
{"level":"info","message":"Base de datos conectada correctamente","timestamp":"2025-05-12T18:50:31.254Z"}
{"level":"info","message":"Servidor corriendo en el puerto 3000","timestamp":"2025-05-12T18:50:31.259Z"}
{"level":"info","message":"Base de datos conectada correctamente","timestamp":"2025-05-12T18:51:07.489Z"}
{"level":"info","message":"Servidor corriendo en el puerto 3000","timestamp":"2025-05-12T18:51:07.494Z"}
{"level":"info","message":"Base de datos conectada correctamente","timestamp":"2025-05-12T19:02:53.162Z"}
{"level":"info","message":"Servidor corriendo en el puerto 3000","timestamp":"2025-05-12T19:02:53.168Z"}
{"level":"info","message":"POST /api/contar-paginas","timestamp":"2025-05-12T19:03:03.027Z"}
{"level":"info","message":"Base de datos conectada correctamente","timestamp":"2025-05-12T19:06:49.695Z"}
{"level":"info","message":"Servidor corriendo en el puerto 3000","timestamp":"2025-05-12T19:06:49.701Z"}
{"level":"info","message":"Base de datos conectada correctamente","timestamp":"2025-05-12T19:07:37.110Z"}
{"level":"info","message":"Servidor corriendo en el puerto 3000","timestamp":"2025-05-12T19:07:37.116Z"}
{"level":"info","message":"Base de datos conectada correctamente","timestamp":"2025-05-12T19:07:40.662Z"}
{"level":"info","message":"Servidor corriendo en el puerto 3000","timestamp":"2025-05-12T19:07:40.667Z"}
{"level":"info","message":"Base de datos conectada correctamente","timestamp":"2025-05-12T19:07:55.538Z"}
{"level":"info","message":"Servidor corriendo en el puerto 3000","timestamp":"2025-05-12T19:07:55.542Z"}
{"level":"info","message":"Base de datos conectada correctamente","timestamp":"2025-05-12T19:08:12.211Z"}
{"level":"info","message":"Servidor corriendo en el puerto 3000","timestamp":"2025-05-12T19:08:12.217Z"}
{"level":"info","message":"Base de datos conectada correctamente","timestamp":"2025-05-12T19:12:12.111Z"}
{"level":"info","message":"Servidor corriendo en el puerto 3000","timestamp":"2025-05-12T19:12:12.116Z"}
{"level":"info","message":"POST /api/api/contar-paginas","timestamp":"2025-05-12T19:12:20.338Z"}
{"level":"info","message":"Base de datos conectada correctamente","timestamp":"2025-05-12T19:19:24.110Z"}
{"level":"info","message":"Servidor corriendo en el puerto 3000","timestamp":"2025-05-12T19:19:24.115Z"}
{"level":"info","message":"POST /api/api/contar-paginas","timestamp":"2025-05-12T19:19:30.040Z"}
{"level":"info","message":"Base de datos conectada correctamente","timestamp":"2025-05-12T19:27:14.275Z"}
{"level":"info","message":"Servidor corriendo en el puerto 3000","timestamp":"2025-05-12T19:27:14.283Z"}
{"level":"info","message":"Base de datos conectada correctamente","timestamp":"2025-05-12T19:30:32.032Z"}
{"level":"info","message":"Servidor corriendo en el puerto 3000","timestamp":"2025-05-12T19:30:32.038Z"}
{"level":"info","message":"Base de datos conectada correctamente","timestamp":"2025-05-12T19:39:43.389Z"}
{"level":"info","message":"Servidor corriendo en el puerto 3000","timestamp":"2025-05-12T19:39:43.394Z"}
{"level":"info","message":"GET /api/pedidos/12","timestamp":"2025-05-12T19:49:30.418Z"}
{"level":"info","message":"GET /api/pedidos/12","timestamp":"2025-05-12T19:49:30.424Z"}
{"level":"info","message":"GET /api/api/pedidos/12","timestamp":"2025-05-12T19:51:43.378Z"}
{"level":"info","message":"GET /api/api/pedidos/12","timestamp":"2025-05-12T19:51:47.539Z"}
{"level":"info","message":"GET /api/api/pedidos/12","timestamp":"2025-05-12T19:51:47.549Z"}
{"level":"info","message":"GET /api/pedidos/12","timestamp":"2025-05-12T19:52:53.374Z"}
{"level":"info","message":"GET /api/pedidos/12","timestamp":"2025-05-12T19:52:55.454Z"}
{"level":"info","message":"GET /api/pedidos/12","timestamp":"2025-05-12T19:52:55.459Z"}
{"level":"info","message":"GET /api/pedidos/detalle/12","timestamp":"2025-05-12T19:53:53.332Z"}
{"level":"info","message":"GET /api/pedidos/detalle/12","timestamp":"2025-05-12T19:53:53.341Z"}
{"level":"info","message":"GET /api/pedidos/detalle/12","timestamp":"2025-05-12T19:53:54.820Z"}
{"level":"info","message":"GET /api/pedidos/detalle/12","timestamp":"2025-05-12T19:53:54.826Z"}
{"level":"info","message":"GET /api/pedidos/detalle/12","timestamp":"2025-05-12T19:54:05.345Z"}
{"level":"info","message":"GET /api/pedidos/detalle/12","timestamp":"2025-05-12T19:54:05.358Z"}
{"level":"info","message":"GET /api/pedidos/detalle/12","timestamp":"2025-05-12T19:54:23.464Z"}
{"level":"info","message":"GET /api/pedidos/detalle/12","timestamp":"2025-05-12T19:54:23.468Z"}
{"level":"info","message":"GET /api/pedidos/12","timestamp":"2025-05-12T19:56:03.693Z"}
{"level":"info","message":"GET /api/pedidos/12","timestamp":"2025-05-12T19:56:03.701Z"}
{"level":"info","message":"Base de datos conectada correctamente","timestamp":"2025-05-12T19:56:25.211Z"}
{"level":"info","message":"Servidor corriendo en el puerto 3000","timestamp":"2025-05-12T19:56:25.216Z"}
{"level":"info","message":"GET /api/pedidos/12","timestamp":"2025-05-12T19:56:26.795Z"}
{"level":"info","message":"GET /api/pedidos/12","timestamp":"2025-05-12T19:56:26.803Z"}
{"level":"info","message":"Base de datos conectada correctamente","timestamp":"2025-05-12T20:01:36.946Z"}
{"level":"info","message":"Servidor corriendo en el puerto 3000","timestamp":"2025-05-12T20:01:36.954Z"}
{"level":"info","message":"Base de datos conectada correctamente","timestamp":"2025-05-12T20:15:47.001Z"}
{"level":"info","message":"Servidor corriendo en el puerto 3000","timestamp":"2025-05-12T20:15:47.006Z"}
{"level":"info","message":"Base de datos conectada correctamente","timestamp":"2025-05-13T03:20:23.792Z"}
{"level":"info","message":"Servidor corriendo en el puerto 3000","timestamp":"2025-05-13T03:20:23.798Z"}
{"level":"info","message":"Base de datos conectada correctamente","timestamp":"2025-05-13T03:20:30.297Z"}
{"level":"info","message":"Servidor corriendo en el puerto 3000","timestamp":"2025-05-13T03:20:30.306Z"}
{"level":"info","message":"Base de datos conectada correctamente","timestamp":"2025-05-13T03:24:48.990Z"}
{"level":"info","message":"Servidor corriendo en el puerto 3000","timestamp":"2025-05-13T03:24:48.997Z"}
{"level":"info","message":"GET /api/pedidos/facturacion-diaria","timestamp":"2025-05-13T21:55:34.680Z"}
{"level":"info","message":"GET /api/pedidos/facturacion-diaria","timestamp":"2025-05-13T21:55:34.689Z"}
{"level":"info","message":"GET /api/pedidos/facturacion-diaria","timestamp":"2025-05-13T21:55:44.097Z"}
{"level":"info","message":"GET /api/pedidos/facturacion-diaria","timestamp":"2025-05-13T21:55:44.104Z"}
{"level":"info","message":"GET /api/pedidos/facturacion-diaria","timestamp":"2025-05-13T21:57:55.715Z"}
{"level":"info","message":"GET /api/pedidos/facturacion-diaria","timestamp":"2025-05-13T21:57:55.726Z"}
{"level":"info","message":"GET /api/pedidos/facturacion-diaria","timestamp":"2025-05-13T21:57:59.110Z"}
{"level":"info","message":"GET /api/pedidos/facturacion-diaria","timestamp":"2025-05-13T21:57:59.116Z"}
{"level":"info","message":"GET /api/pedidos/facturacion-diaria","timestamp":"2025-05-13T21:58:01.374Z"}
{"level":"info","message":"GET /api/pedidos/facturacion-diaria","timestamp":"2025-05-13T21:58:01.378Z"}
{"level":"info","message":"GET /api/pedidos/facturacion-diaria","timestamp":"2025-05-13T21:59:10.696Z"}
{"level":"info","message":"GET /api/pedidos/facturacion-diaria","timestamp":"2025-05-13T21:59:10.702Z"}
{"level":"info","message":"GET /api/pedidos/facturacion-diaria","timestamp":"2025-05-13T21:59:13.784Z"}
{"level":"info","message":"GET /api/pedidos/facturacion-diaria","timestamp":"2025-05-13T21:59:13.792Z"}
{"level":"info","message":"GET /api/pedidos/facturacion-diaria","timestamp":"2025-05-13T22:02:00.676Z"}
{"level":"info","message":"GET /api/pedidos/facturacion-diaria","timestamp":"2025-05-13T22:02:02.957Z"}
{"level":"info","message":"GET /api/pedidos/facturacion-diaria","timestamp":"2025-05-13T22:02:02.964Z"}
{"level":"info","message":"GET /api/pedidos/facturacion-diaria","timestamp":"2025-05-13T22:02:34.995Z"}
{"level":"info","message":"GET /api/pedidos/facturacion-diaria","timestamp":"2025-05-13T22:02:35.001Z"}
{"level":"info","message":"GET /api/pedidos/facturacion-diaria","timestamp":"2025-05-13T22:03:37.690Z"}
{"level":"info","message":"GET /api/pedidos/facturacion-diaria","timestamp":"2025-05-13T22:03:37.704Z"}
{"level":"info","message":"Base de datos conectada correctamente","timestamp":"2025-05-13T22:03:59.151Z"}
{"level":"info","message":"Servidor corriendo en el puerto 3000","timestamp":"2025-05-13T22:03:59.156Z"}
{"level":"info","message":"GET /api/pedidos/facturacion-diaria","timestamp":"2025-05-13T22:04:02.559Z"}
{"level":"info","message":"GET /api/pedidos/facturacion-diaria","timestamp":"2025-05-13T22:04:02.573Z"}
{"level":"info","message":"GET /api/api/pedidos/facturacion-diaria","timestamp":"2025-05-13T22:07:33.684Z"}
{"level":"info","message":"GET /api/api/pedidos/facturacion-diaria","timestamp":"2025-05-13T22:07:58.682Z"}
{"level":"info","message":"GET /api/api/pedidos/facturacion-diaria","timestamp":"2025-05-13T22:08:02.571Z"}
{"level":"info","message":"GET /api/api/pedidos/facturacion-diaria","timestamp":"2025-05-13T22:08:02.576Z"}
{"level":"info","message":"GET /api/pedidos/facturacion-diaria","timestamp":"2025-05-13T22:09:53.683Z"}
{"level":"info","message":"GET /api/pedidos/facturacion-diaria","timestamp":"2025-05-13T22:10:04.868Z"}
{"level":"info","message":"GET /api/pedidos/facturacion-diaria","timestamp":"2025-05-13T22:10:04.874Z"}
{"level":"info","message":"Base de datos conectada correctamente","timestamp":"2025-05-13T22:14:19.693Z"}
{"level":"info","message":"Servidor corriendo en el puerto 3000","timestamp":"2025-05-13T22:14:19.698Z"}
{"level":"info","message":"GET /api/api/pedidos/facturacion-diaria","timestamp":"2025-05-13T23:16:12.683Z"}
{"level":"info","message":"GET /api/api/pedidos/facturacion-diaria","timestamp":"2025-05-13T23:16:44.206Z"}
{"level":"info","message":"GET /api/api/pedidos/facturacion-diaria","timestamp":"2025-05-13T23:16:44.212Z"}
{"level":"info","message":"GET /api/pedidos/facturacion-diaria","timestamp":"2025-05-13T23:18:02.682Z"}
{"level":"info","message":"Base de datos conectada correctamente","timestamp":"2025-05-13T23:23:48.764Z"}
{"level":"info","message":"Base de datos conectada correctamente","timestamp":"2025-05-13T23:25:03.787Z"}
{"level":"info","message":"Servidor corriendo en el puerto 3000","timestamp":"2025-05-13T23:25:03.794Z"}
{"level":"info","message":"Rutas registradas:","timestamp":"2025-05-13T23:25:03.794Z"}
{"level":"info","message":"- /api/usuarios/*","timestamp":"2025-05-13T23:25:03.795Z"}
{"level":"info","message":"- /api/pedidos/*","timestamp":"2025-05-13T23:25:03.795Z"}
{"level":"info","message":"- /api/pedidos/facturacion-diaria","timestamp":"2025-05-13T23:25:03.796Z"}
{"level":"info","message":"- /api/precios/*","timestamp":"2025-05-13T23:25:03.797Z"}
{"level":"info","message":"- /api/pdf/*","timestamp":"2025-05-13T23:25:03.797Z"}
{"level":"info","message":"Base de datos conectada correctamente","timestamp":"2025-05-13T23:29:01.631Z"}
{"level":"info","message":"Servidor corriendo en el puerto 3000","timestamp":"2025-05-13T23:29:01.637Z"}
{"level":"info","message":"Rutas registradas:","timestamp":"2025-05-13T23:29:01.637Z"}
{"level":"info","message":"- /api/usuarios/*","timestamp":"2025-05-13T23:29:01.637Z"}
{"level":"info","message":"- /api/pedidos/*","timestamp":"2025-05-13T23:29:01.638Z"}
{"level":"info","message":"- /api/pedidos/facturacion-diaria","timestamp":"2025-05-13T23:29:01.639Z"}
{"level":"info","message":"- /api/precios/*","timestamp":"2025-05-13T23:29:01.639Z"}
{"level":"info","message":"- /api/pdf/*","timestamp":"2025-05-13T23:29:01.639Z"}
{"level":"info","message":"GET /api/api/precios","timestamp":"2025-05-13T23:46:40.681Z"}
{"level":"info","message":"GET /api/api/precios","timestamp":"2025-05-13T23:46:57.685Z"}
{"level":"info","message":"Base de datos conectada correctamente","timestamp":"2025-05-13T23:48:40.290Z"}
{"level":"info","message":"Servidor corriendo en el puerto 3000","timestamp":"2025-05-13T23:48:40.297Z"}
{"level":"info","message":"Rutas registradas:","timestamp":"2025-05-13T23:48:40.298Z"}
{"level":"info","message":"- /api/usuarios/*","timestamp":"2025-05-13T23:48:40.298Z"}
{"level":"info","message":"- /api/pedidos/*","timestamp":"2025-05-13T23:48:40.299Z"}
{"level":"info","message":"- /api/pedidos/facturacion-diaria","timestamp":"2025-05-13T23:48:40.299Z"}
{"level":"info","message":"- /api/precios/*","timestamp":"2025-05-13T23:48:40.300Z"}
{"level":"info","message":"- /api/pdf/*","timestamp":"2025-05-13T23:48:40.300Z"}
{"level":"info","message":"GET /api/api/pedidos/facturacion-diaria","timestamp":"2025-05-13T23:51:17.677Z"}
{"level":"info","message":"Base de datos conectada correctamente","timestamp":"2025-05-13T23:51:36.069Z"}
{"level":"info","message":"Servidor corriendo en el puerto 3000","timestamp":"2025-05-13T23:51:36.074Z"}
{"level":"info","message":"Rutas registradas:","timestamp":"2025-05-13T23:51:36.075Z"}
{"level":"info","message":"- /api/usuarios/*","timestamp":"2025-05-13T23:51:36.075Z"}
{"level":"info","message":"- /api/pedidos/*","timestamp":"2025-05-13T23:51:36.075Z"}
{"level":"info","message":"- /api/pedidos/facturacion-diaria","timestamp":"2025-05-13T23:51:36.076Z"}
{"level":"info","message":"- /api/precios/*","timestamp":"2025-05-13T23:51:36.076Z"}
{"level":"info","message":"- /api/pdf/*","timestamp":"2025-05-13T23:51:36.076Z"}
{"level":"info","message":"GET /api/api/pedidos/facturacion-diaria","timestamp":"2025-05-13T23:52:51.956Z"}
{"level":"info","message":"GET /api/api/pedidos/facturacion-diaria","timestamp":"2025-05-13T23:52:51.966Z"}
{"level":"info","message":"GET /api/api/pedidos/facturacion-diaria","timestamp":"2025-05-13T23:54:21.677Z"}
{"level":"info","message":"Base de datos conectada correctamente","timestamp":"2025-05-13T23:54:30.758Z"}
{"level":"info","message":"Servidor corriendo en el puerto 3000","timestamp":"2025-05-13T23:54:30.763Z"}
{"level":"info","message":"Rutas registradas:","timestamp":"2025-05-13T23:54:30.764Z"}
{"level":"info","message":"- /api/usuarios/*","timestamp":"2025-05-13T23:54:30.765Z"}
{"level":"info","message":"- /api/pedidos/*","timestamp":"2025-05-13T23:54:30.765Z"}
{"level":"info","message":"- /api/pedidos/facturacion-diaria","timestamp":"2025-05-13T23:54:30.765Z"}
{"level":"info","message":"- /api/precios/*","timestamp":"2025-05-13T23:54:30.766Z"}
{"level":"info","message":"- /api/pdf/*","timestamp":"2025-05-13T23:54:30.766Z"}
{"level":"info","message":"Base de datos conectada correctamente","timestamp":"2025-05-13T23:59:07.559Z"}
{"level":"info","message":"Servidor corriendo en el puerto 3000","timestamp":"2025-05-13T23:59:07.564Z"}
{"level":"info","message":"Rutas registradas:","timestamp":"2025-05-13T23:59:07.565Z"}
{"level":"info","message":"- /api/usuarios/*","timestamp":"2025-05-13T23:59:07.565Z"}
{"level":"info","message":"- /api/pedidos/*","timestamp":"2025-05-13T23:59:07.566Z"}
{"level":"info","message":"- /api/pedidos/facturacion-diaria","timestamp":"2025-05-13T23:59:07.566Z"}
{"level":"info","message":"- /api/precios/*","timestamp":"2025-05-13T23:59:07.567Z"}
{"level":"info","message":"- /api/pdf/*","timestamp":"2025-05-13T23:59:07.567Z"}
{"level":"info","message":"GET /api/api/pedidos/facturacion-diaria","timestamp":"2025-05-14T00:03:14.561Z"}
{"level":"info","message":"GET /api/api/pedidos/facturacion-diaria","timestamp":"2025-05-14T00:03:14.574Z"}
{"level":"info","message":"Base de datos conectada correctamente","timestamp":"2025-05-14T00:12:51.317Z"}
{"level":"info","message":"Servidor corriendo en el puerto 3000","timestamp":"2025-05-14T00:12:51.322Z"}
{"level":"info","message":"Rutas registradas:","timestamp":"2025-05-14T00:12:51.322Z"}
{"level":"info","message":"- /api/usuarios/*","timestamp":"2025-05-14T00:12:51.323Z"}
{"level":"info","message":"- /api/pedidos/*","timestamp":"2025-05-14T00:12:51.323Z"}
{"level":"info","message":"- /api/pedidos/facturacion-diaria","timestamp":"2025-05-14T00:12:51.323Z"}
{"level":"info","message":"- /api/precios/*","timestamp":"2025-05-14T00:12:51.324Z"}
{"level":"info","message":"- /api/pdf/*","timestamp":"2025-05-14T00:12:51.324Z"}
{"level":"info","message":"Base de datos conectada correctamente","timestamp":"2025-05-14T00:22:40.982Z"}
{"level":"info","message":"Servidor corriendo en el puerto 3000","timestamp":"2025-05-14T00:22:40.988Z"}
{"level":"info","message":"Rutas registradas:","timestamp":"2025-05-14T00:22:40.989Z"}
{"level":"info","message":"- /api/usuarios/*","timestamp":"2025-05-14T00:22:40.990Z"}
{"level":"info","message":"- /api/pedidos/*","timestamp":"2025-05-14T00:22:40.991Z"}
{"level":"info","message":"- /api/pedidos/facturacion-diaria","timestamp":"2025-05-14T00:22:40.991Z"}
{"level":"info","message":"- /api/precios/*","timestamp":"2025-05-14T00:22:40.991Z"}
{"level":"info","message":"- /api/pdf/*","timestamp":"2025-05-14T00:22:40.992Z"}
{"level":"info","message":"Base de datos conectada correctamente","timestamp":"2025-05-14T00:29:19.115Z"}
{"level":"info","message":"Servidor corriendo en el puerto 3000","timestamp":"2025-05-14T00:29:19.123Z"}
{"level":"info","message":"Rutas registradas:","timestamp":"2025-05-14T00:29:19.124Z"}
{"level":"info","message":"- /api/usuarios/*","timestamp":"2025-05-14T00:29:19.124Z"}
{"level":"info","message":"- /api/pedidos/*","timestamp":"2025-05-14T00:29:19.125Z"}
{"level":"info","message":"- /api/pedidos/facturacion-diaria","timestamp":"2025-05-14T00:29:19.125Z"}
{"level":"info","message":"- /api/precios/*","timestamp":"2025-05-14T00:29:19.126Z"}
{"level":"info","message":"- /api/pdf/*","timestamp":"2025-05-14T00:29:19.127Z"}
{"level":"info","message":"Base de datos conectada correctamente","timestamp":"2025-05-14T01:06:23.074Z"}
{"level":"info","message":"Servidor corriendo en el puerto 3000","timestamp":"2025-05-14T01:06:23.078Z"}
{"level":"info","message":"Rutas registradas:","timestamp":"2025-05-14T01:06:23.079Z"}
{"level":"info","message":"- /api/usuarios/*","timestamp":"2025-05-14T01:06:23.079Z"}
{"level":"info","message":"- /api/pedidos/*","timestamp":"2025-05-14T01:06:23.079Z"}
{"level":"info","message":"- /api/pedidos/facturacion-diaria","timestamp":"2025-05-14T01:06:23.080Z"}
{"level":"info","message":"- /api/precios/*","timestamp":"2025-05-14T01:06:23.080Z"}
{"level":"info","message":"- /api/pdf/*","timestamp":"2025-05-14T01:06:23.080Z"}
{"level":"info","message":"Base de datos conectada correctamente","timestamp":"2025-05-14T01:08:58.191Z"}
{"level":"info","message":"Servidor corriendo en el puerto 3000","timestamp":"2025-05-14T01:08:58.199Z"}
{"level":"info","message":"Rutas registradas:","timestamp":"2025-05-14T01:08:58.199Z"}
{"level":"info","message":"- /api/usuarios/*","timestamp":"2025-05-14T01:08:58.200Z"}
{"level":"info","message":"- /api/pedidos/*","timestamp":"2025-05-14T01:08:58.200Z"}
{"level":"info","message":"- /api/pedidos/facturacion-diaria","timestamp":"2025-05-14T01:08:58.200Z"}
{"level":"info","message":"- /api/precios/*","timestamp":"2025-05-14T01:08:58.201Z"}
{"level":"info","message":"- /api/pdf/*","timestamp":"2025-05-14T01:08:58.201Z"}
{"level":"info","message":"Base de datos conectada correctamente","timestamp":"2025-05-14T01:10:23.606Z"}
{"level":"info","message":"Servidor corriendo en el puerto 3000","timestamp":"2025-05-14T01:10:23.611Z"}
{"level":"info","message":"Rutas registradas:","timestamp":"2025-05-14T01:10:23.611Z"}
{"level":"info","message":"- /api/usuarios/*","timestamp":"2025-05-14T01:10:23.612Z"}
{"level":"info","message":"- /api/pedidos/*","timestamp":"2025-05-14T01:10:23.612Z"}
{"level":"info","message":"- /api/pedidos/facturacion-diaria","timestamp":"2025-05-14T01:10:23.612Z"}
{"level":"info","message":"- /api/precios/*","timestamp":"2025-05-14T01:10:23.613Z"}
{"level":"info","message":"- /api/pdf/*","timestamp":"2025-05-14T01:10:23.613Z"}
{"level":"info","message":"Base de datos conectada correctamente","timestamp":"2025-05-14T02:17:33.785Z"}
{"level":"info","message":"Servidor corriendo en el puerto 3000","timestamp":"2025-05-14T02:17:33.802Z"}
{"level":"info","message":"Rutas registradas:","timestamp":"2025-05-14T02:17:33.803Z"}
{"level":"info","message":"- /api/usuarios/*","timestamp":"2025-05-14T02:17:33.804Z"}
{"level":"info","message":"- /api/pedidos/*","timestamp":"2025-05-14T02:17:33.805Z"}
{"level":"info","message":"- /api/pedidos/facturacion-diaria","timestamp":"2025-05-14T02:17:33.806Z"}
{"level":"info","message":"- /api/precios/*","timestamp":"2025-05-14T02:17:33.807Z"}
{"level":"info","message":"- /api/pdf/*","timestamp":"2025-05-14T02:17:33.808Z"}
{"level":"info","message":"Base de datos conectada correctamente","timestamp":"2025-05-14T02:20:10.699Z"}
{"level":"info","message":"Servidor corriendo en el puerto 3000","timestamp":"2025-05-14T02:20:10.706Z"}
{"level":"info","message":"Rutas registradas:","timestamp":"2025-05-14T02:20:10.707Z"}
{"level":"info","message":"- /api/usuarios/*","timestamp":"2025-05-14T02:20:10.708Z"}
{"level":"info","message":"- /api/pedidos/*","timestamp":"2025-05-14T02:20:10.708Z"}
{"level":"info","message":"- /api/pedidos/facturacion-diaria","timestamp":"2025-05-14T02:20:10.709Z"}
{"level":"info","message":"- /api/precios/*","timestamp":"2025-05-14T02:20:10.709Z"}
{"level":"info","message":"- /api/pdf/*","timestamp":"2025-05-14T02:20:10.710Z"}
{"code":"LIMIT_UNEXPECTED_FILE","field":"archivos[0]","level":"error","message":"Error: Unexpected field","name":"MulterError","stack":"MulterError: Unexpected field\n    at wrappedFileFilter (C:\\Users\\santi\\Desktop\\imprenta\\backend-imprenta\\node_modules\\multer\\index.js:40:19)\n    at Multipart.<anonymous> (C:\\Users\\santi\\Desktop\\imprenta\\backend-imprenta\\node_modules\\multer\\lib\\make-middleware.js:109:7)\n    at Multipart.emit (node:events:518:28)\n    at HeaderParser.cb (C:\\Users\\santi\\Desktop\\imprenta\\backend-imprenta\\node_modules\\busboy\\lib\\types\\multipart.js:358:14)\n    at HeaderParser.push (C:\\Users\\santi\\Desktop\\imprenta\\backend-imprenta\\node_modules\\busboy\\lib\\types\\multipart.js:162:20)\n    at SBMH.ssCb [as _cb] (C:\\Users\\santi\\Desktop\\imprenta\\backend-imprenta\\node_modules\\busboy\\lib\\types\\multipart.js:394:37)\n    at feed (C:\\Users\\santi\\Desktop\\imprenta\\backend-imprenta\\node_modules\\streamsearch\\lib\\sbmh.js:219:14)\n    at SBMH.push (C:\\Users\\santi\\Desktop\\imprenta\\backend-imprenta\\node_modules\\streamsearch\\lib\\sbmh.js:104:16)\n    at Multipart._write (C:\\Users\\santi\\Desktop\\imprenta\\backend-imprenta\\node_modules\\busboy\\lib\\types\\multipart.js:567:19)\n    at writeOrBuffer (node:internal/streams/writable:572:12)","storageErrors":[],"timestamp":"2025-05-14T02:45:35.406Z"}
{"code":"LIMIT_UNEXPECTED_FILE","field":"archivos[0]","level":"error","message":"Error: Unexpected field","name":"MulterError","stack":"MulterError: Unexpected field\n    at wrappedFileFilter (C:\\Users\\santi\\Desktop\\imprenta\\backend-imprenta\\node_modules\\multer\\index.js:40:19)\n    at Multipart.<anonymous> (C:\\Users\\santi\\Desktop\\imprenta\\backend-imprenta\\node_modules\\multer\\lib\\make-middleware.js:109:7)\n    at Multipart.emit (node:events:518:28)\n    at HeaderParser.cb (C:\\Users\\santi\\Desktop\\imprenta\\backend-imprenta\\node_modules\\busboy\\lib\\types\\multipart.js:358:14)\n    at HeaderParser.push (C:\\Users\\santi\\Desktop\\imprenta\\backend-imprenta\\node_modules\\busboy\\lib\\types\\multipart.js:162:20)\n    at SBMH.ssCb [as _cb] (C:\\Users\\santi\\Desktop\\imprenta\\backend-imprenta\\node_modules\\busboy\\lib\\types\\multipart.js:394:37)\n    at feed (C:\\Users\\santi\\Desktop\\imprenta\\backend-imprenta\\node_modules\\streamsearch\\lib\\sbmh.js:248:10)\n    at SBMH.push (C:\\Users\\santi\\Desktop\\imprenta\\backend-imprenta\\node_modules\\streamsearch\\lib\\sbmh.js:104:16)\n    at Multipart._write (C:\\Users\\santi\\Desktop\\imprenta\\backend-imprenta\\node_modules\\busboy\\lib\\types\\multipart.js:567:19)\n    at writeOrBuffer (node:internal/streams/writable:572:12)","storageErrors":[],"timestamp":"2025-05-14T02:46:48.223Z"}
{"level":"info","message":"Base de datos conectada correctamente","timestamp":"2025-05-14T02:50:34.286Z"}
{"level":"info","message":"Servidor corriendo en el puerto 3000","timestamp":"2025-05-14T02:50:34.292Z"}
{"level":"info","message":"Rutas registradas:","timestamp":"2025-05-14T02:50:34.293Z"}
{"level":"info","message":"- /api/usuarios/*","timestamp":"2025-05-14T02:50:34.294Z"}
{"level":"info","message":"- /api/pedidos/*","timestamp":"2025-05-14T02:50:34.294Z"}
{"level":"info","message":"- /api/pedidos/facturacion-diaria","timestamp":"2025-05-14T02:50:34.294Z"}
{"level":"info","message":"- /api/precios/*","timestamp":"2025-05-14T02:50:34.295Z"}
{"level":"info","message":"- /api/pdf/*","timestamp":"2025-05-14T02:50:34.295Z"}
{"level":"info","message":"Base de datos conectada correctamente","timestamp":"2025-05-14T02:50:46.205Z"}
{"level":"info","message":"Servidor corriendo en el puerto 3000","timestamp":"2025-05-14T02:50:46.211Z"}
{"level":"info","message":"Rutas registradas:","timestamp":"2025-05-14T02:50:46.211Z"}
{"level":"info","message":"- /api/usuarios/*","timestamp":"2025-05-14T02:50:46.212Z"}
{"level":"info","message":"- /api/pedidos/*","timestamp":"2025-05-14T02:50:46.212Z"}
{"level":"info","message":"- /api/pedidos/facturacion-diaria","timestamp":"2025-05-14T02:50:46.213Z"}
{"level":"info","message":"- /api/precios/*","timestamp":"2025-05-14T02:50:46.213Z"}
{"level":"info","message":"- /api/pdf/*","timestamp":"2025-05-14T02:50:46.213Z"}
{"code":"LIMIT_UNEXPECTED_FILE","field":"archivos[0]","level":"error","message":"Error: Unexpected field","name":"MulterError","stack":"MulterError: Unexpected field\n    at wrappedFileFilter (C:\\Users\\santi\\Desktop\\imprenta\\backend-imprenta\\node_modules\\multer\\index.js:40:19)\n    at Multipart.<anonymous> (C:\\Users\\santi\\Desktop\\imprenta\\backend-imprenta\\node_modules\\multer\\lib\\make-middleware.js:109:7)\n    at Multipart.emit (node:events:518:28)\n    at HeaderParser.cb (C:\\Users\\santi\\Desktop\\imprenta\\backend-imprenta\\node_modules\\busboy\\lib\\types\\multipart.js:358:14)\n    at HeaderParser.push (C:\\Users\\santi\\Desktop\\imprenta\\backend-imprenta\\node_modules\\busboy\\lib\\types\\multipart.js:162:20)\n    at SBMH.ssCb [as _cb] (C:\\Users\\santi\\Desktop\\imprenta\\backend-imprenta\\node_modules\\busboy\\lib\\types\\multipart.js:394:37)\n    at feed (C:\\Users\\santi\\Desktop\\imprenta\\backend-imprenta\\node_modules\\streamsearch\\lib\\sbmh.js:219:14)\n    at SBMH.push (C:\\Users\\santi\\Desktop\\imprenta\\backend-imprenta\\node_modules\\streamsearch\\lib\\sbmh.js:104:16)\n    at Multipart._write (C:\\Users\\santi\\Desktop\\imprenta\\backend-imprenta\\node_modules\\busboy\\lib\\types\\multipart.js:567:19)\n    at writeOrBuffer (node:internal/streams/writable:572:12)","storageErrors":[],"timestamp":"2025-05-14T02:51:28.579Z"}
{"level":"info","message":"Base de datos conectada correctamente","timestamp":"2025-05-14T02:54:44.470Z"}
{"level":"info","message":"Servidor corriendo en el puerto 3000","timestamp":"2025-05-14T02:54:44.475Z"}
{"level":"info","message":"Rutas registradas:","timestamp":"2025-05-14T02:54:44.476Z"}
{"level":"info","message":"- /api/usuarios/*","timestamp":"2025-05-14T02:54:44.476Z"}
{"level":"info","message":"- /api/pedidos/*","timestamp":"2025-05-14T02:54:44.476Z"}
{"level":"info","message":"- /api/pedidos/facturacion-diaria","timestamp":"2025-05-14T02:54:44.477Z"}
{"level":"info","message":"- /api/precios/*","timestamp":"2025-05-14T02:54:44.477Z"}
{"level":"info","message":"- /api/pdf/*","timestamp":"2025-05-14T02:54:44.477Z"}
{"level":"info","message":"Base de datos conectada correctamente","timestamp":"2025-05-14T02:54:50.352Z"}
{"level":"info","message":"Servidor corriendo en el puerto 3000","timestamp":"2025-05-14T02:54:50.357Z"}
{"level":"info","message":"Rutas registradas:","timestamp":"2025-05-14T02:54:50.358Z"}
{"level":"info","message":"- /api/usuarios/*","timestamp":"2025-05-14T02:54:50.358Z"}
{"level":"info","message":"- /api/pedidos/*","timestamp":"2025-05-14T02:54:50.358Z"}
{"level":"info","message":"- /api/pedidos/facturacion-diaria","timestamp":"2025-05-14T02:54:50.359Z"}
{"level":"info","message":"- /api/precios/*","timestamp":"2025-05-14T02:54:50.359Z"}
{"level":"info","message":"- /api/pdf/*","timestamp":"2025-05-14T02:54:50.359Z"}
{"level":"info","message":"Base de datos conectada correctamente","timestamp":"2025-05-14T02:54:57.144Z"}
{"level":"info","message":"Servidor corriendo en el puerto 3000","timestamp":"2025-05-14T02:54:57.150Z"}
{"level":"info","message":"Rutas registradas:","timestamp":"2025-05-14T02:54:57.150Z"}
{"level":"info","message":"- /api/usuarios/*","timestamp":"2025-05-14T02:54:57.151Z"}
{"level":"info","message":"- /api/pedidos/*","timestamp":"2025-05-14T02:54:57.151Z"}
{"level":"info","message":"- /api/pedidos/facturacion-diaria","timestamp":"2025-05-14T02:54:57.152Z"}
{"level":"info","message":"- /api/precios/*","timestamp":"2025-05-14T02:54:57.152Z"}
{"level":"info","message":"- /api/pdf/*","timestamp":"2025-05-14T02:54:57.152Z"}
{"code":"LIMIT_UNEXPECTED_FILE","field":"archivos[0]","level":"error","message":"Error: Unexpected field","name":"MulterError","stack":"MulterError: Unexpected field\n    at wrappedFileFilter (C:\\Users\\santi\\Desktop\\imprenta\\backend-imprenta\\node_modules\\multer\\index.js:40:19)\n    at Multipart.<anonymous> (C:\\Users\\santi\\Desktop\\imprenta\\backend-imprenta\\node_modules\\multer\\lib\\make-middleware.js:109:7)\n    at Multipart.emit (node:events:518:28)\n    at HeaderParser.cb (C:\\Users\\santi\\Desktop\\imprenta\\backend-imprenta\\node_modules\\busboy\\lib\\types\\multipart.js:358:14)\n    at HeaderParser.push (C:\\Users\\santi\\Desktop\\imprenta\\backend-imprenta\\node_modules\\busboy\\lib\\types\\multipart.js:162:20)\n    at SBMH.ssCb [as _cb] (C:\\Users\\santi\\Desktop\\imprenta\\backend-imprenta\\node_modules\\busboy\\lib\\types\\multipart.js:394:37)\n    at feed (C:\\Users\\santi\\Desktop\\imprenta\\backend-imprenta\\node_modules\\streamsearch\\lib\\sbmh.js:219:14)\n    at SBMH.push (C:\\Users\\santi\\Desktop\\imprenta\\backend-imprenta\\node_modules\\streamsearch\\lib\\sbmh.js:104:16)\n    at Multipart._write (C:\\Users\\santi\\Desktop\\imprenta\\backend-imprenta\\node_modules\\busboy\\lib\\types\\multipart.js:567:19)\n    at writeOrBuffer (node:internal/streams/writable:572:12)","storageErrors":[],"timestamp":"2025-05-14T02:55:21.907Z"}
{"level":"info","message":"Base de datos conectada correctamente","timestamp":"2025-05-14T03:00:23.718Z"}
{"level":"info","message":"Servidor corriendo en el puerto 3000","timestamp":"2025-05-14T03:00:23.725Z"}
{"level":"info","message":"Rutas registradas:","timestamp":"2025-05-14T03:00:23.726Z"}
{"level":"info","message":"- /api/usuarios/*","timestamp":"2025-05-14T03:00:23.726Z"}
{"level":"info","message":"- /api/pedidos/*","timestamp":"2025-05-14T03:00:23.727Z"}
{"level":"info","message":"- /api/pedidos/facturacion-diaria","timestamp":"2025-05-14T03:00:23.727Z"}
{"level":"info","message":"- /api/precios/*","timestamp":"2025-05-14T03:00:23.727Z"}
{"level":"info","message":"- /api/pdf/*","timestamp":"2025-05-14T03:00:23.728Z"}
{"level":"info","message":"Base de datos conectada correctamente","timestamp":"2025-05-14T03:00:29.939Z"}
{"level":"info","message":"Servidor corriendo en el puerto 3000","timestamp":"2025-05-14T03:00:29.945Z"}
{"level":"info","message":"Rutas registradas:","timestamp":"2025-05-14T03:00:29.946Z"}
{"level":"info","message":"- /api/usuarios/*","timestamp":"2025-05-14T03:00:29.947Z"}
{"level":"info","message":"- /api/pedidos/*","timestamp":"2025-05-14T03:00:29.947Z"}
{"level":"info","message":"- /api/pedidos/facturacion-diaria","timestamp":"2025-05-14T03:00:29.948Z"}
{"level":"info","message":"- /api/precios/*","timestamp":"2025-05-14T03:00:29.948Z"}
{"level":"info","message":"- /api/pdf/*","timestamp":"2025-05-14T03:00:29.948Z"}
{"level":"info","message":"Base de datos conectada correctamente","timestamp":"2025-05-14T03:07:51.041Z"}
{"level":"info","message":"Servidor corriendo en el puerto 3000","timestamp":"2025-05-14T03:07:51.047Z"}
{"level":"info","message":"Rutas registradas:","timestamp":"2025-05-14T03:07:51.048Z"}
{"level":"info","message":"- /api/usuarios/*","timestamp":"2025-05-14T03:07:51.048Z"}
{"level":"info","message":"- /api/pedidos/*","timestamp":"2025-05-14T03:07:51.049Z"}
{"level":"info","message":"- /api/pedidos/facturacion-diaria","timestamp":"2025-05-14T03:07:51.049Z"}
{"level":"info","message":"- /api/precios/*","timestamp":"2025-05-14T03:07:51.049Z"}
{"level":"info","message":"- /api/pdf/*","timestamp":"2025-05-14T03:07:51.049Z"}
{"level":"info","message":"Base de datos conectada correctamente","timestamp":"2025-05-14T03:07:58.374Z"}
{"level":"info","message":"Servidor corriendo en el puerto 3000","timestamp":"2025-05-14T03:07:58.380Z"}
{"level":"info","message":"Rutas registradas:","timestamp":"2025-05-14T03:07:58.381Z"}
{"level":"info","message":"- /api/usuarios/*","timestamp":"2025-05-14T03:07:58.381Z"}
{"level":"info","message":"- /api/pedidos/*","timestamp":"2025-05-14T03:07:58.382Z"}
{"level":"info","message":"- /api/pedidos/facturacion-diaria","timestamp":"2025-05-14T03:07:58.382Z"}
{"level":"info","message":"- /api/precios/*","timestamp":"2025-05-14T03:07:58.383Z"}
{"level":"info","message":"- /api/pdf/*","timestamp":"2025-05-14T03:07:58.383Z"}
{"code":"ENOENT","errno":-4058,"expose":false,"level":"error","message":"Error: ENOENT: no such file or directory, stat 'C:\\Users\\santi\\Desktop\\imprenta\\backend-imprenta\\uploads\\1747192334021-1746653514096-PropuestaSantiagoZurbrigkReelsAdsLogo.pdf,1747192334022-1746670642918-PropuestaSantiagoZurbrigkReelsAdsLogo.pdf'","path":"C:\\Users\\santi\\Desktop\\imprenta\\backend-imprenta\\uploads\\1747192334021-1746653514096-PropuestaSantiagoZurbrigkReelsAdsLogo.pdf,1747192334022-1746670642918-PropuestaSantiagoZurbrigkReelsAdsLogo.pdf","stack":"Error: ENOENT: no such file or directory, stat 'C:\\Users\\santi\\Desktop\\imprenta\\backend-imprenta\\uploads\\1747192334021-1746653514096-PropuestaSantiagoZurbrigkReelsAdsLogo.pdf,1747192334022-1746670642918-PropuestaSantiagoZurbrigkReelsAdsLogo.pdf'","status":404,"statusCode":404,"syscall":"stat","timestamp":"2025-05-14T03:12:21.651Z"}
{"code":"ENOENT","errno":-4058,"expose":false,"level":"error","message":"Error: ENOENT: no such file or directory, stat 'C:\\Users\\santi\\Desktop\\imprenta\\backend-imprenta\\uploads\\1747192334021-1746653514096-PropuestaSantiagoZurbrigkReelsAdsLogo.pdf,1747192334022-1746670642918-PropuestaSantiagoZurbrigkReelsAdsLogo.pdf'","path":"C:\\Users\\santi\\Desktop\\imprenta\\backend-imprenta\\uploads\\1747192334021-1746653514096-PropuestaSantiagoZurbrigkReelsAdsLogo.pdf,1747192334022-1746670642918-PropuestaSantiagoZurbrigkReelsAdsLogo.pdf","stack":"Error: ENOENT: no such file or directory, stat 'C:\\Users\\santi\\Desktop\\imprenta\\backend-imprenta\\uploads\\1747192334021-1746653514096-PropuestaSantiagoZurbrigkReelsAdsLogo.pdf,1747192334022-1746670642918-PropuestaSantiagoZurbrigkReelsAdsLogo.pdf'","status":404,"statusCode":404,"syscall":"stat","timestamp":"2025-05-14T03:16:20.580Z"}
{"level":"info","message":"Base de datos conectada correctamente","timestamp":"2025-05-14T04:31:09.995Z"}
{"level":"info","message":"Servidor corriendo en el puerto 3000","timestamp":"2025-05-14T04:31:10.000Z"}
{"level":"info","message":"Rutas registradas:","timestamp":"2025-05-14T04:31:10.001Z"}
{"level":"info","message":"- /api/usuarios/*","timestamp":"2025-05-14T04:31:10.001Z"}
{"level":"info","message":"- /api/pedidos/*","timestamp":"2025-05-14T04:31:10.002Z"}
{"level":"info","message":"- /api/pedidos/facturacion-diaria","timestamp":"2025-05-14T04:31:10.002Z"}
{"level":"info","message":"- /api/precios/*","timestamp":"2025-05-14T04:31:10.003Z"}
{"level":"info","message":"- /api/pdf/*","timestamp":"2025-05-14T04:31:10.003Z"}
{"level":"info","message":"Base de datos conectada correctamente","timestamp":"2025-05-14T04:34:28.789Z"}
{"level":"info","message":"Servidor corriendo en el puerto 3000","timestamp":"2025-05-14T04:34:28.795Z"}
{"level":"info","message":"Rutas registradas:","timestamp":"2025-05-14T04:34:28.797Z"}
{"level":"info","message":"- /api/usuarios/*","timestamp":"2025-05-14T04:34:28.798Z"}
{"level":"info","message":"- /api/pedidos/*","timestamp":"2025-05-14T04:34:28.799Z"}
{"level":"info","message":"- /api/pedidos/facturacion-diaria","timestamp":"2025-05-14T04:34:28.800Z"}
{"level":"info","message":"- /api/precios/*","timestamp":"2025-05-14T04:34:28.801Z"}
{"level":"info","message":"- /api/pdf/*","timestamp":"2025-05-14T04:34:28.801Z"}
{"level":"info","message":"Base de datos conectada correctamente","timestamp":"2025-05-14T04:36:16.826Z"}
{"level":"info","message":"Servidor corriendo en el puerto 3000","timestamp":"2025-05-14T04:36:16.832Z"}
{"level":"info","message":"Rutas registradas:","timestamp":"2025-05-14T04:36:16.832Z"}
{"level":"info","message":"- /api/usuarios/*","timestamp":"2025-05-14T04:36:16.833Z"}
{"level":"info","message":"- /api/pedidos/*","timestamp":"2025-05-14T04:36:16.833Z"}
{"level":"info","message":"- /api/pedidos/facturacion-diaria","timestamp":"2025-05-14T04:36:16.833Z"}
{"level":"info","message":"- /api/precios/*","timestamp":"2025-05-14T04:36:16.834Z"}
{"level":"info","message":"- /api/pdf/*","timestamp":"2025-05-14T04:36:16.834Z"}
{"level":"info","message":"Base de datos conectada correctamente","timestamp":"2025-05-14T04:58:47.354Z"}
{"level":"info","message":"Servidor corriendo en el puerto 3000","timestamp":"2025-05-14T04:58:47.364Z"}
{"level":"info","message":"Rutas registradas:","timestamp":"2025-05-14T04:58:47.365Z"}
{"level":"info","message":"- /api/usuarios/*","timestamp":"2025-05-14T04:58:47.366Z"}
{"level":"info","message":"- /api/pedidos/*","timestamp":"2025-05-14T04:58:47.366Z"}
{"level":"info","message":"- /api/pedidos/facturacion-diaria","timestamp":"2025-05-14T04:58:47.367Z"}
{"level":"info","message":"- /api/precios/*","timestamp":"2025-05-14T04:58:47.368Z"}
{"level":"info","message":"- /api/pdf/*","timestamp":"2025-05-14T04:58:47.368Z"}
{"level":"info","message":"Base de datos conectada correctamente","timestamp":"2025-05-14T05:11:40.372Z"}
{"level":"info","message":"Servidor corriendo en el puerto 3000","timestamp":"2025-05-14T05:11:40.378Z"}
{"level":"info","message":"Rutas registradas:","timestamp":"2025-05-14T05:11:40.378Z"}
{"level":"info","message":"- /api/usuarios/*","timestamp":"2025-05-14T05:11:40.379Z"}
{"level":"info","message":"- /api/pedidos/*","timestamp":"2025-05-14T05:11:40.379Z"}
{"level":"info","message":"- /api/pedidos/facturacion-diaria","timestamp":"2025-05-14T05:11:40.379Z"}
{"level":"info","message":"- /api/precios/*","timestamp":"2025-05-14T05:11:40.380Z"}
{"level":"info","message":"- /api/pdf/*","timestamp":"2025-05-14T05:11:40.380Z"}
{"code":"LIMIT_UNEXPECTED_FILE","field":"archivos[]","level":"error","message":"Error: Unexpected field","name":"MulterError","stack":"MulterError: Unexpected field\n    at wrappedFileFilter (C:\\Users\\santi\\Desktop\\imprenta\\backend-imprenta\\node_modules\\multer\\index.js:40:19)\n    at Multipart.<anonymous> (C:\\Users\\santi\\Desktop\\imprenta\\backend-imprenta\\node_modules\\multer\\lib\\make-middleware.js:109:7)\n    at Multipart.emit (node:events:518:28)\n    at HeaderParser.cb (C:\\Users\\santi\\Desktop\\imprenta\\backend-imprenta\\node_modules\\busboy\\lib\\types\\multipart.js:358:14)\n    at HeaderParser.push (C:\\Users\\santi\\Desktop\\imprenta\\backend-imprenta\\node_modules\\busboy\\lib\\types\\multipart.js:162:20)\n    at SBMH.ssCb [as _cb] (C:\\Users\\santi\\Desktop\\imprenta\\backend-imprenta\\node_modules\\busboy\\lib\\types\\multipart.js:394:37)\n    at feed (C:\\Users\\santi\\Desktop\\imprenta\\backend-imprenta\\node_modules\\streamsearch\\lib\\sbmh.js:219:14)\n    at SBMH.push (C:\\Users\\santi\\Desktop\\imprenta\\backend-imprenta\\node_modules\\streamsearch\\lib\\sbmh.js:104:16)\n    at Multipart._write (C:\\Users\\santi\\Desktop\\imprenta\\backend-imprenta\\node_modules\\busboy\\lib\\types\\multipart.js:567:19)\n    at writeOrBuffer (node:internal/streams/writable:572:12)","storageErrors":[],"timestamp":"2025-05-14T05:29:10.037Z"}
{"level":"info","message":"Base de datos conectada correctamente","timestamp":"2025-05-14T15:02:42.683Z"}
{"level":"info","message":"Servidor corriendo en el puerto 3000","timestamp":"2025-05-14T15:02:42.696Z"}
{"level":"info","message":"Rutas registradas:","timestamp":"2025-05-14T15:02:42.698Z"}
{"level":"info","message":"- /api/usuarios/*","timestamp":"2025-05-14T15:02:42.698Z"}
{"level":"info","message":"- /api/pedidos/*","timestamp":"2025-05-14T15:02:42.699Z"}
{"level":"info","message":"- /api/pedidos/facturacion-diaria","timestamp":"2025-05-14T15:02:42.699Z"}
{"level":"info","message":"- /api/precios/*","timestamp":"2025-05-14T15:02:42.700Z"}
{"level":"info","message":"- /api/pdf/*","timestamp":"2025-05-14T15:02:42.700Z"}
{"level":"info","message":"Base de datos conectada correctamente","timestamp":"2025-05-14T15:02:48.598Z"}
{"level":"info","message":"Servidor corriendo en el puerto 3000","timestamp":"2025-05-14T15:02:48.604Z"}
{"level":"info","message":"Rutas registradas:","timestamp":"2025-05-14T15:02:48.605Z"}
{"level":"info","message":"- /api/usuarios/*","timestamp":"2025-05-14T15:02:48.605Z"}
{"level":"info","message":"- /api/pedidos/*","timestamp":"2025-05-14T15:02:48.605Z"}
{"level":"info","message":"- /api/pedidos/facturacion-diaria","timestamp":"2025-05-14T15:02:48.605Z"}
{"level":"info","message":"- /api/precios/*","timestamp":"2025-05-14T15:02:48.606Z"}
{"level":"info","message":"- /api/pdf/*","timestamp":"2025-05-14T15:02:48.606Z"}
{"level":"info","message":"Base de datos conectada correctamente","timestamp":"2025-05-14T15:21:58.071Z"}
{"level":"info","message":"Servidor corriendo en el puerto 3000","timestamp":"2025-05-14T15:21:58.078Z"}
{"level":"info","message":"Rutas registradas:","timestamp":"2025-05-14T15:21:58.079Z"}
{"level":"info","message":"- /api/usuarios/*","timestamp":"2025-05-14T15:21:58.080Z"}
{"level":"info","message":"- /api/pedidos/*","timestamp":"2025-05-14T15:21:58.081Z"}
{"level":"info","message":"- /api/pedidos/facturacion-diaria","timestamp":"2025-05-14T15:21:58.082Z"}
{"level":"info","message":"- /api/precios/*","timestamp":"2025-05-14T15:21:58.082Z"}
{"level":"info","message":"- /api/pdf/*","timestamp":"2025-05-14T15:21:58.083Z"}
{"level":"info","message":"Base de datos conectada correctamente","timestamp":"2025-05-14T15:21:59.730Z"}
{"level":"info","message":"Servidor corriendo en el puerto 3000","timestamp":"2025-05-14T15:21:59.736Z"}
{"level":"info","message":"Rutas registradas:","timestamp":"2025-05-14T15:21:59.737Z"}
{"level":"info","message":"- /api/usuarios/*","timestamp":"2025-05-14T15:21:59.737Z"}
{"level":"info","message":"- /api/pedidos/*","timestamp":"2025-05-14T15:21:59.738Z"}
{"level":"info","message":"- /api/pedidos/facturacion-diaria","timestamp":"2025-05-14T15:21:59.738Z"}
{"level":"info","message":"- /api/precios/*","timestamp":"2025-05-14T15:21:59.739Z"}
{"level":"info","message":"- /api/pdf/*","timestamp":"2025-05-14T15:21:59.739Z"}
{"level":"info","message":"Base de datos conectada correctamente","timestamp":"2025-05-15T00:07:35.404Z"}
{"level":"info","message":"Servidor corriendo en el puerto 3000","timestamp":"2025-05-15T00:07:35.409Z"}
{"level":"info","message":"Rutas registradas:","timestamp":"2025-05-15T00:07:35.409Z"}
{"level":"info","message":"- /api/usuarios/*","timestamp":"2025-05-15T00:07:35.410Z"}
{"level":"info","message":"- /api/pedidos/*","timestamp":"2025-05-15T00:07:35.410Z"}
{"level":"info","message":"- /api/pedidos/facturacion-diaria","timestamp":"2025-05-15T00:07:35.410Z"}
{"level":"info","message":"- /api/precios/*","timestamp":"2025-05-15T00:07:35.411Z"}
{"level":"info","message":"- /api/pdf/*","timestamp":"2025-05-15T00:07:35.411Z"}
{"level":"info","message":"Base de datos conectada correctamente","timestamp":"2025-05-15T00:20:47.654Z"}
{"level":"info","message":"Servidor corriendo en el puerto 3000","timestamp":"2025-05-15T00:20:47.661Z"}
{"level":"info","message":"Rutas registradas:","timestamp":"2025-05-15T00:20:47.661Z"}
{"level":"info","message":"- /api/usuarios/*","timestamp":"2025-05-15T00:20:47.662Z"}
{"level":"info","message":"- /api/pedidos/*","timestamp":"2025-05-15T00:20:47.662Z"}
{"level":"info","message":"- /api/pedidos/facturacion-diaria","timestamp":"2025-05-15T00:20:47.662Z"}
{"level":"info","message":"- /api/precios/*","timestamp":"2025-05-15T00:20:47.663Z"}
{"level":"info","message":"- /api/pdf/*","timestamp":"2025-05-15T00:20:47.663Z"}
{"level":"info","message":"Base de datos conectada correctamente","timestamp":"2025-05-15T00:25:36.224Z"}
{"level":"info","message":"Servidor corriendo en el puerto 3000","timestamp":"2025-05-15T00:25:36.229Z"}
{"level":"info","message":"Rutas registradas:","timestamp":"2025-05-15T00:25:36.229Z"}
{"level":"info","message":"- /api/usuarios/*","timestamp":"2025-05-15T00:25:36.230Z"}
{"level":"info","message":"- /api/pedidos/*","timestamp":"2025-05-15T00:25:36.230Z"}
{"level":"info","message":"- /api/pedidos/facturacion-diaria","timestamp":"2025-05-15T00:25:36.230Z"}
{"level":"info","message":"- /api/precios/*","timestamp":"2025-05-15T00:25:36.230Z"}
{"level":"info","message":"- /api/pdf/*","timestamp":"2025-05-15T00:25:36.231Z"}
{"level":"info","message":"Base de datos conectada correctamente","timestamp":"2025-05-15T00:26:45.406Z"}
{"level":"info","message":"Servidor corriendo en el puerto 3000","timestamp":"2025-05-15T00:26:45.413Z"}
{"level":"info","message":"Rutas registradas:","timestamp":"2025-05-15T00:26:45.414Z"}
{"level":"info","message":"- /api/usuarios/*","timestamp":"2025-05-15T00:26:45.415Z"}
{"level":"info","message":"- /api/pedidos/*","timestamp":"2025-05-15T00:26:45.415Z"}
{"level":"info","message":"- /api/pedidos/facturacion-diaria","timestamp":"2025-05-15T00:26:45.416Z"}
{"level":"info","message":"- /api/precios/*","timestamp":"2025-05-15T00:26:45.416Z"}
{"level":"info","message":"- /api/pdf/*","timestamp":"2025-05-15T00:26:45.417Z"}
{"level":"info","message":"Base de datos conectada correctamente","timestamp":"2025-05-15T00:26:52.441Z"}
{"level":"info","message":"Servidor corriendo en el puerto 3000","timestamp":"2025-05-15T00:26:52.447Z"}
{"level":"info","message":"Rutas registradas:","timestamp":"2025-05-15T00:26:52.447Z"}
{"level":"info","message":"- /api/usuarios/*","timestamp":"2025-05-15T00:26:52.448Z"}
{"level":"info","message":"- /api/pedidos/*","timestamp":"2025-05-15T00:26:52.448Z"}
{"level":"info","message":"- /api/pedidos/facturacion-diaria","timestamp":"2025-05-15T00:26:52.448Z"}
{"level":"info","message":"- /api/precios/*","timestamp":"2025-05-15T00:26:52.448Z"}
{"level":"info","message":"- /api/pdf/*","timestamp":"2025-05-15T00:26:52.449Z"}
{"level":"info","message":"Base de datos conectada correctamente","timestamp":"2025-05-15T00:28:13.192Z"}
{"level":"info","message":"Servidor corriendo en el puerto 3000","timestamp":"2025-05-15T00:28:13.198Z"}
{"level":"info","message":"Rutas registradas:","timestamp":"2025-05-15T00:28:13.198Z"}
{"level":"info","message":"- /api/usuarios/*","timestamp":"2025-05-15T00:28:13.199Z"}
{"level":"info","message":"- /api/pedidos/*","timestamp":"2025-05-15T00:28:13.199Z"}
{"level":"info","message":"- /api/pedidos/facturacion-diaria","timestamp":"2025-05-15T00:28:13.200Z"}
{"level":"info","message":"- /api/precios/*","timestamp":"2025-05-15T00:28:13.200Z"}
{"level":"info","message":"- /api/pdf/*","timestamp":"2025-05-15T00:28:13.200Z"}
{"level":"info","message":"Base de datos conectada correctamente","timestamp":"2025-05-15T00:29:36.810Z"}
{"level":"info","message":"Servidor corriendo en el puerto 3000","timestamp":"2025-05-15T00:29:36.815Z"}
{"level":"info","message":"Rutas registradas:","timestamp":"2025-05-15T00:29:36.816Z"}
{"level":"info","message":"- /api/usuarios/*","timestamp":"2025-05-15T00:29:36.816Z"}
{"level":"info","message":"- /api/pedidos/*","timestamp":"2025-05-15T00:29:36.816Z"}
{"level":"info","message":"- /api/pedidos/facturacion-diaria","timestamp":"2025-05-15T00:29:36.817Z"}
{"level":"info","message":"- /api/precios/*","timestamp":"2025-05-15T00:29:36.817Z"}
{"level":"info","message":"- /api/pdf/*","timestamp":"2025-05-15T00:29:36.817Z"}
{"level":"info","message":"Base de datos conectada correctamente","timestamp":"2025-05-15T00:31:05.887Z"}
{"level":"info","message":"Servidor corriendo en el puerto 3000","timestamp":"2025-05-15T00:31:05.892Z"}
{"level":"info","message":"Rutas registradas:","timestamp":"2025-05-15T00:31:05.893Z"}
{"level":"info","message":"- /api/usuarios/*","timestamp":"2025-05-15T00:31:05.893Z"}
{"level":"info","message":"- /api/pedidos/*","timestamp":"2025-05-15T00:31:05.894Z"}
{"level":"info","message":"- /api/pedidos/facturacion-diaria","timestamp":"2025-05-15T00:31:05.894Z"}
{"level":"info","message":"- /api/precios/*","timestamp":"2025-05-15T00:31:05.894Z"}
{"level":"info","message":"- /api/pdf/*","timestamp":"2025-05-15T00:31:05.895Z"}
{"level":"info","message":"Base de datos conectada correctamente","timestamp":"2025-05-15T00:32:31.785Z"}
{"level":"info","message":"Servidor corriendo en el puerto 3000","timestamp":"2025-05-15T00:32:31.790Z"}
{"level":"info","message":"Rutas registradas:","timestamp":"2025-05-15T00:32:31.791Z"}
{"level":"info","message":"- /api/usuarios/*","timestamp":"2025-05-15T00:32:31.791Z"}
{"level":"info","message":"- /api/pedidos/*","timestamp":"2025-05-15T00:32:31.792Z"}
{"level":"info","message":"- /api/pedidos/facturacion-diaria","timestamp":"2025-05-15T00:32:31.792Z"}
{"level":"info","message":"- /api/precios/*","timestamp":"2025-05-15T00:32:31.792Z"}
{"level":"info","message":"- /api/pdf/*","timestamp":"2025-05-15T00:32:31.793Z"}
{"level":"info","message":"Base de datos conectada correctamente","timestamp":"2025-05-15T00:33:25.555Z"}
{"level":"info","message":"Servidor corriendo en el puerto 3000","timestamp":"2025-05-15T00:33:25.560Z"}
{"level":"info","message":"Rutas registradas:","timestamp":"2025-05-15T00:33:25.561Z"}
{"level":"info","message":"- /api/usuarios/*","timestamp":"2025-05-15T00:33:25.561Z"}
{"level":"info","message":"- /api/pedidos/*","timestamp":"2025-05-15T00:33:25.561Z"}
{"level":"info","message":"- /api/pedidos/facturacion-diaria","timestamp":"2025-05-15T00:33:25.562Z"}
{"level":"info","message":"- /api/precios/*","timestamp":"2025-05-15T00:33:25.562Z"}
{"level":"info","message":"- /api/pdf/*","timestamp":"2025-05-15T00:33:25.562Z"}
{"level":"info","message":"Base de datos conectada correctamente","timestamp":"2025-05-15T00:35:53.125Z"}
{"level":"info","message":"Servidor corriendo en el puerto 3000","timestamp":"2025-05-15T00:35:53.131Z"}
{"level":"info","message":"Rutas registradas:","timestamp":"2025-05-15T00:35:53.132Z"}
{"level":"info","message":"- /api/usuarios/*","timestamp":"2025-05-15T00:35:53.132Z"}
{"level":"info","message":"- /api/pedidos/*","timestamp":"2025-05-15T00:35:53.132Z"}
{"level":"info","message":"- /api/pedidos/facturacion-diaria","timestamp":"2025-05-15T00:35:53.133Z"}
{"level":"info","message":"- /api/precios/*","timestamp":"2025-05-15T00:35:53.133Z"}
{"level":"info","message":"- /api/pdf/*","timestamp":"2025-05-15T00:35:53.133Z"}
{"level":"info","message":"Base de datos conectada correctamente","timestamp":"2025-05-15T00:36:55.469Z"}
{"level":"info","message":"Servidor corriendo en el puerto 3000","timestamp":"2025-05-15T00:36:55.477Z"}
{"level":"info","message":"Rutas registradas:","timestamp":"2025-05-15T00:36:55.478Z"}
{"level":"info","message":"- /api/usuarios/*","timestamp":"2025-05-15T00:36:55.479Z"}
{"level":"info","message":"- /api/pedidos/*","timestamp":"2025-05-15T00:36:55.479Z"}
{"level":"info","message":"- /api/pedidos/facturacion-diaria","timestamp":"2025-05-15T00:36:55.479Z"}
{"level":"info","message":"- /api/precios/*","timestamp":"2025-05-15T00:36:55.480Z"}
{"level":"info","message":"- /api/pdf/*","timestamp":"2025-05-15T00:36:55.480Z"}
{"level":"info","message":"Base de datos conectada correctamente","timestamp":"2025-05-15T00:37:00.764Z"}
{"level":"info","message":"Servidor corriendo en el puerto 3000","timestamp":"2025-05-15T00:37:00.774Z"}
{"level":"info","message":"Rutas registradas:","timestamp":"2025-05-15T00:37:00.775Z"}
{"level":"info","message":"- /api/usuarios/*","timestamp":"2025-05-15T00:37:00.776Z"}
{"level":"info","message":"- /api/pedidos/*","timestamp":"2025-05-15T00:37:00.777Z"}
{"level":"info","message":"- /api/pedidos/facturacion-diaria","timestamp":"2025-05-15T00:37:00.777Z"}
{"level":"info","message":"- /api/precios/*","timestamp":"2025-05-15T00:37:00.778Z"}
{"level":"info","message":"- /api/pdf/*","timestamp":"2025-05-15T00:37:00.778Z"}
{"level":"info","message":"Base de datos conectada correctamente","timestamp":"2025-05-15T00:38:35.646Z"}
{"level":"info","message":"Servidor corriendo en el puerto 3000","timestamp":"2025-05-15T00:38:35.651Z"}
{"level":"info","message":"Rutas registradas:","timestamp":"2025-05-15T00:38:35.651Z"}
{"level":"info","message":"- /api/usuarios/*","timestamp":"2025-05-15T00:38:35.651Z"}
{"level":"info","message":"- /api/pedidos/*","timestamp":"2025-05-15T00:38:35.652Z"}
{"level":"info","message":"- /api/pedidos/facturacion-diaria","timestamp":"2025-05-15T00:38:35.652Z"}
{"level":"info","message":"- /api/precios/*","timestamp":"2025-05-15T00:38:35.652Z"}
{"level":"info","message":"- /api/pdf/*","timestamp":"2025-05-15T00:38:35.653Z"}
{"level":"info","message":"Base de datos conectada correctamente","timestamp":"2025-05-15T00:38:56.086Z"}
{"level":"info","message":"Servidor corriendo en el puerto 3000","timestamp":"2025-05-15T00:38:56.091Z"}
{"level":"info","message":"Rutas registradas:","timestamp":"2025-05-15T00:38:56.092Z"}
{"level":"info","message":"- /api/usuarios/*","timestamp":"2025-05-15T00:38:56.092Z"}
{"level":"info","message":"- /api/pedidos/*","timestamp":"2025-05-15T00:38:56.093Z"}
{"level":"info","message":"- /api/pedidos/facturacion-diaria","timestamp":"2025-05-15T00:38:56.093Z"}
{"level":"info","message":"- /api/precios/*","timestamp":"2025-05-15T00:38:56.094Z"}
{"level":"info","message":"- /api/pdf/*","timestamp":"2025-05-15T00:38:56.094Z"}
{"level":"info","message":"Base de datos conectada correctamente","timestamp":"2025-05-15T00:40:22.383Z"}
{"level":"info","message":"Servidor corriendo en el puerto 3000","timestamp":"2025-05-15T00:40:22.388Z"}
{"level":"info","message":"Rutas registradas:","timestamp":"2025-05-15T00:40:22.388Z"}
{"level":"info","message":"- /api/usuarios/*","timestamp":"2025-05-15T00:40:22.389Z"}
{"level":"info","message":"- /api/pedidos/*","timestamp":"2025-05-15T00:40:22.389Z"}
{"level":"info","message":"- /api/pedidos/facturacion-diaria","timestamp":"2025-05-15T00:40:22.389Z"}
{"level":"info","message":"- /api/precios/*","timestamp":"2025-05-15T00:40:22.390Z"}
{"level":"info","message":"- /api/pdf/*","timestamp":"2025-05-15T00:40:22.390Z"}
{"level":"info","message":"Base de datos conectada correctamente","timestamp":"2025-05-15T00:40:42.432Z"}
{"level":"info","message":"Servidor corriendo en el puerto 3000","timestamp":"2025-05-15T00:40:42.438Z"}
{"level":"info","message":"Rutas registradas:","timestamp":"2025-05-15T00:40:42.438Z"}
{"level":"info","message":"- /api/usuarios/*","timestamp":"2025-05-15T00:40:42.439Z"}
{"level":"info","message":"- /api/pedidos/*","timestamp":"2025-05-15T00:40:42.439Z"}
{"level":"info","message":"- /api/pedidos/facturacion-diaria","timestamp":"2025-05-15T00:40:42.440Z"}
{"level":"info","message":"- /api/precios/*","timestamp":"2025-05-15T00:40:42.441Z"}
{"level":"info","message":"- /api/pdf/*","timestamp":"2025-05-15T00:40:42.441Z"}
{"level":"info","message":"Base de datos conectada correctamente","timestamp":"2025-05-15T00:41:35.871Z"}
{"level":"info","message":"Servidor corriendo en el puerto 3000","timestamp":"2025-05-15T00:41:35.877Z"}
{"level":"info","message":"Rutas registradas:","timestamp":"2025-05-15T00:41:35.877Z"}
{"level":"info","message":"- /api/usuarios/*","timestamp":"2025-05-15T00:41:35.878Z"}
{"level":"info","message":"- /api/pedidos/*","timestamp":"2025-05-15T00:41:35.878Z"}
{"level":"info","message":"- /api/pedidos/facturacion-diaria","timestamp":"2025-05-15T00:41:35.878Z"}
{"level":"info","message":"- /api/precios/*","timestamp":"2025-05-15T00:41:35.879Z"}
{"level":"info","message":"- /api/pdf/*","timestamp":"2025-05-15T00:41:35.879Z"}
{"level":"info","message":"Base de datos conectada correctamente","timestamp":"2025-05-15T00:47:31.443Z"}
{"level":"info","message":"Servidor corriendo en el puerto 3000","timestamp":"2025-05-15T00:47:31.451Z"}
{"level":"info","message":"Rutas registradas:","timestamp":"2025-05-15T00:47:31.451Z"}
{"level":"info","message":"- /api/usuarios/*","timestamp":"2025-05-15T00:47:31.452Z"}
{"level":"info","message":"- /api/pedidos/*","timestamp":"2025-05-15T00:47:31.453Z"}
{"level":"info","message":"- /api/pedidos/facturacion-diaria","timestamp":"2025-05-15T00:47:31.454Z"}
{"level":"info","message":"- /api/precios/*","timestamp":"2025-05-15T00:47:31.454Z"}
{"level":"info","message":"- /api/pdf/*","timestamp":"2025-05-15T00:47:31.455Z"}
{"level":"info","message":"Base de datos conectada correctamente","timestamp":"2025-05-15T00:49:15.339Z"}
{"level":"info","message":"Servidor corriendo en el puerto 3000","timestamp":"2025-05-15T00:49:15.345Z"}
{"level":"info","message":"Rutas registradas:","timestamp":"2025-05-15T00:49:15.346Z"}
{"level":"info","message":"- /api/usuarios/*","timestamp":"2025-05-15T00:49:15.346Z"}
{"level":"info","message":"- /api/pedidos/*","timestamp":"2025-05-15T00:49:15.347Z"}
{"level":"info","message":"- /api/pedidos/facturacion-diaria","timestamp":"2025-05-15T00:49:15.347Z"}
{"level":"info","message":"- /api/precios/*","timestamp":"2025-05-15T00:49:15.348Z"}
{"level":"info","message":"- /api/pdf/*","timestamp":"2025-05-15T00:49:15.348Z"}
{"level":"info","message":"Base de datos conectada correctamente","timestamp":"2025-05-15T00:51:09.662Z"}
{"level":"info","message":"Servidor corriendo en el puerto 3000","timestamp":"2025-05-15T00:51:09.667Z"}
{"level":"info","message":"Rutas registradas:","timestamp":"2025-05-15T00:51:09.667Z"}
{"level":"info","message":"- /api/usuarios/*","timestamp":"2025-05-15T00:51:09.668Z"}
{"level":"info","message":"- /api/pedidos/*","timestamp":"2025-05-15T00:51:09.668Z"}
{"level":"info","message":"- /api/pedidos/facturacion-diaria","timestamp":"2025-05-15T00:51:09.668Z"}
{"level":"info","message":"- /api/precios/*","timestamp":"2025-05-15T00:51:09.668Z"}
{"level":"info","message":"- /api/pdf/*","timestamp":"2025-05-15T00:51:09.669Z"}
{"level":"info","message":"Base de datos conectada correctamente","timestamp":"2025-05-15T00:52:42.180Z"}
{"level":"info","message":"Servidor corriendo en el puerto 3000","timestamp":"2025-05-15T00:52:42.186Z"}
{"level":"info","message":"Rutas registradas:","timestamp":"2025-05-15T00:52:42.186Z"}
{"level":"info","message":"- /api/usuarios/*","timestamp":"2025-05-15T00:52:42.186Z"}
{"level":"info","message":"- /api/pedidos/*","timestamp":"2025-05-15T00:52:42.187Z"}
{"level":"info","message":"- /api/pedidos/facturacion-diaria","timestamp":"2025-05-15T00:52:42.187Z"}
{"level":"info","message":"- /api/precios/*","timestamp":"2025-05-15T00:52:42.187Z"}
{"level":"info","message":"- /api/pdf/*","timestamp":"2025-05-15T00:52:42.188Z"}
{"level":"info","message":"Base de datos conectada correctamente","timestamp":"2025-05-15T00:55:25.745Z"}
{"level":"info","message":"Servidor corriendo en el puerto 3000","timestamp":"2025-05-15T00:55:25.750Z"}
{"level":"info","message":"Rutas registradas:","timestamp":"2025-05-15T00:55:25.750Z"}
{"level":"info","message":"- /api/usuarios/*","timestamp":"2025-05-15T00:55:25.750Z"}
{"level":"info","message":"- /api/pedidos/*","timestamp":"2025-05-15T00:55:25.751Z"}
{"level":"info","message":"- /api/pedidos/facturacion-diaria","timestamp":"2025-05-15T00:55:25.751Z"}
{"level":"info","message":"- /api/precios/*","timestamp":"2025-05-15T00:55:25.751Z"}
{"level":"info","message":"- /api/pdf/*","timestamp":"2025-05-15T00:55:25.751Z"}
{"level":"info","message":"Base de datos conectada correctamente","timestamp":"2025-05-15T00:55:34.279Z"}
{"level":"info","message":"Servidor corriendo en el puerto 3000","timestamp":"2025-05-15T00:55:34.285Z"}
{"level":"info","message":"Rutas registradas:","timestamp":"2025-05-15T00:55:34.285Z"}
{"level":"info","message":"- /api/usuarios/*","timestamp":"2025-05-15T00:55:34.286Z"}
{"level":"info","message":"- /api/pedidos/*","timestamp":"2025-05-15T00:55:34.286Z"}
{"level":"info","message":"- /api/pedidos/facturacion-diaria","timestamp":"2025-05-15T00:55:34.286Z"}
{"level":"info","message":"- /api/precios/*","timestamp":"2025-05-15T00:55:34.287Z"}
{"level":"info","message":"- /api/pdf/*","timestamp":"2025-05-15T00:55:34.287Z"}
{"level":"info","message":"Base de datos conectada correctamente","timestamp":"2025-05-15T00:56:44.836Z"}
{"level":"info","message":"Servidor corriendo en el puerto 3000","timestamp":"2025-05-15T00:56:44.842Z"}
{"level":"info","message":"Rutas registradas:","timestamp":"2025-05-15T00:56:44.843Z"}
{"level":"info","message":"- /api/usuarios/*","timestamp":"2025-05-15T00:56:44.843Z"}
{"level":"info","message":"- /api/pedidos/*","timestamp":"2025-05-15T00:56:44.843Z"}
{"level":"info","message":"- /api/pedidos/facturacion-diaria","timestamp":"2025-05-15T00:56:44.844Z"}
{"level":"info","message":"- /api/precios/*","timestamp":"2025-05-15T00:56:44.844Z"}
{"level":"info","message":"- /api/pdf/*","timestamp":"2025-05-15T00:56:44.844Z"}
{"level":"info","message":"Base de datos conectada correctamente","timestamp":"2025-05-15T00:57:03.165Z"}
{"level":"info","message":"Servidor corriendo en el puerto 3000","timestamp":"2025-05-15T00:57:03.171Z"}
{"level":"info","message":"Rutas registradas:","timestamp":"2025-05-15T00:57:03.172Z"}
{"level":"info","message":"- /api/usuarios/*","timestamp":"2025-05-15T00:57:03.172Z"}
{"level":"info","message":"- /api/pedidos/*","timestamp":"2025-05-15T00:57:03.172Z"}
{"level":"info","message":"- /api/pedidos/facturacion-diaria","timestamp":"2025-05-15T00:57:03.173Z"}
{"level":"info","message":"- /api/precios/*","timestamp":"2025-05-15T00:57:03.173Z"}
{"level":"info","message":"- /api/pdf/*","timestamp":"2025-05-15T00:57:03.173Z"}
{"level":"info","message":"Base de datos conectada correctamente","timestamp":"2025-05-15T01:03:07.137Z"}
{"level":"info","message":"Servidor corriendo en el puerto 3000","timestamp":"2025-05-15T01:03:07.143Z"}
{"level":"info","message":"Rutas registradas:","timestamp":"2025-05-15T01:03:07.143Z"}
{"level":"info","message":"- /api/usuarios/*","timestamp":"2025-05-15T01:03:07.144Z"}
{"level":"info","message":"- /api/pedidos/*","timestamp":"2025-05-15T01:03:07.144Z"}
{"level":"info","message":"- /api/pedidos/facturacion-diaria","timestamp":"2025-05-15T01:03:07.144Z"}
{"level":"info","message":"- /api/precios/*","timestamp":"2025-05-15T01:03:07.145Z"}
{"level":"info","message":"- /api/pdf/*","timestamp":"2025-05-15T01:03:07.145Z"}
{"level":"info","message":"Base de datos conectada correctamente","timestamp":"2025-05-15T01:05:36.791Z"}
{"level":"info","message":"Servidor corriendo en el puerto 3000","timestamp":"2025-05-15T01:05:36.799Z"}
{"level":"info","message":"Rutas registradas:","timestamp":"2025-05-15T01:05:36.799Z"}
{"level":"info","message":"- /api/usuarios/*","timestamp":"2025-05-15T01:05:36.800Z"}
{"level":"info","message":"- /api/pedidos/*","timestamp":"2025-05-15T01:05:36.800Z"}
{"level":"info","message":"- /api/pedidos/facturacion-diaria","timestamp":"2025-05-15T01:05:36.801Z"}
{"level":"info","message":"- /api/precios/*","timestamp":"2025-05-15T01:05:36.801Z"}
{"level":"info","message":"- /api/pdf/*","timestamp":"2025-05-15T01:05:36.802Z"}
{"level":"info","message":"Base de datos conectada correctamente","timestamp":"2025-05-15T01:07:24.133Z"}
{"level":"info","message":"Servidor corriendo en el puerto 3000","timestamp":"2025-05-15T01:07:24.140Z"}
{"level":"info","message":"Rutas registradas:","timestamp":"2025-05-15T01:07:24.140Z"}
{"level":"info","message":"- /api/usuarios/*","timestamp":"2025-05-15T01:07:24.141Z"}
{"level":"info","message":"- /api/pedidos/*","timestamp":"2025-05-15T01:07:24.141Z"}
{"level":"info","message":"- /api/pedidos/facturacion-diaria","timestamp":"2025-05-15T01:07:24.142Z"}
{"level":"info","message":"- /api/precios/*","timestamp":"2025-05-15T01:07:24.142Z"}
{"level":"info","message":"- /api/pdf/*","timestamp":"2025-05-15T01:07:24.142Z"}
{"level":"info","message":"Base de datos conectada correctamente","timestamp":"2025-05-15T01:10:08.358Z"}
{"level":"info","message":"Servidor corriendo en el puerto 3000","timestamp":"2025-05-15T01:10:08.362Z"}
{"level":"info","message":"Rutas registradas:","timestamp":"2025-05-15T01:10:08.363Z"}
{"level":"info","message":"- /api/usuarios/*","timestamp":"2025-05-15T01:10:08.363Z"}
{"level":"info","message":"- /api/pedidos/*","timestamp":"2025-05-15T01:10:08.363Z"}
{"level":"info","message":"- /api/pedidos/facturacion-diaria","timestamp":"2025-05-15T01:10:08.364Z"}
{"level":"info","message":"- /api/precios/*","timestamp":"2025-05-15T01:10:08.364Z"}
{"level":"info","message":"- /api/pdf/*","timestamp":"2025-05-15T01:10:08.364Z"}
{"level":"info","message":"Base de datos conectada correctamente","timestamp":"2025-05-15T02:04:02.277Z"}
{"level":"info","message":"Servidor corriendo en el puerto 3000","timestamp":"2025-05-15T02:04:02.283Z"}
{"level":"info","message":"Rutas registradas:","timestamp":"2025-05-15T02:04:02.283Z"}
{"level":"info","message":"- /api/usuarios/*","timestamp":"2025-05-15T02:04:02.284Z"}
{"level":"info","message":"- /api/pedidos/*","timestamp":"2025-05-15T02:04:02.284Z"}
{"level":"info","message":"- /api/pedidos/facturacion-diaria","timestamp":"2025-05-15T02:04:02.286Z"}
{"level":"info","message":"- /api/precios/*","timestamp":"2025-05-15T02:04:02.286Z"}
{"level":"info","message":"- /api/pdf/*","timestamp":"2025-05-15T02:04:02.286Z"}
{"level":"info","message":"Base de datos conectada correctamente","timestamp":"2025-05-15T02:06:13.456Z"}
{"level":"info","message":"Servidor corriendo en el puerto 3000","timestamp":"2025-05-15T02:06:13.462Z"}
{"level":"info","message":"Rutas registradas:","timestamp":"2025-05-15T02:06:13.463Z"}
{"level":"info","message":"- /api/usuarios/*","timestamp":"2025-05-15T02:06:13.464Z"}
{"level":"info","message":"- /api/pedidos/*","timestamp":"2025-05-15T02:06:13.464Z"}
{"level":"info","message":"- /api/pedidos/facturacion-diaria","timestamp":"2025-05-15T02:06:13.465Z"}
{"level":"info","message":"- /api/precios/*","timestamp":"2025-05-15T02:06:13.465Z"}
{"level":"info","message":"- /api/pdf/*","timestamp":"2025-05-15T02:06:13.465Z"}
{"level":"info","message":"Base de datos conectada correctamente","timestamp":"2025-05-15T02:06:21.909Z"}
{"level":"info","message":"Servidor corriendo en el puerto 3000","timestamp":"2025-05-15T02:06:21.913Z"}
{"level":"info","message":"Rutas registradas:","timestamp":"2025-05-15T02:06:21.914Z"}
{"level":"info","message":"- /api/usuarios/*","timestamp":"2025-05-15T02:06:21.914Z"}
{"level":"info","message":"- /api/pedidos/*","timestamp":"2025-05-15T02:06:21.914Z"}
{"level":"info","message":"- /api/pedidos/facturacion-diaria","timestamp":"2025-05-15T02:06:21.915Z"}
{"level":"info","message":"- /api/precios/*","timestamp":"2025-05-15T02:06:21.915Z"}
{"level":"info","message":"- /api/pdf/*","timestamp":"2025-05-15T02:06:21.915Z"}
{"level":"info","message":"Base de datos conectada correctamente","timestamp":"2025-05-15T02:10:03.338Z"}
{"level":"info","message":"Servidor corriendo en el puerto 3000","timestamp":"2025-05-15T02:10:03.348Z"}
{"level":"info","message":"Rutas registradas:","timestamp":"2025-05-15T02:10:03.349Z"}
{"level":"info","message":"- /api/usuarios/*","timestamp":"2025-05-15T02:10:03.350Z"}
{"level":"info","message":"- /api/pedidos/*","timestamp":"2025-05-15T02:10:03.350Z"}
{"level":"info","message":"- /api/pedidos/facturacion-diaria","timestamp":"2025-05-15T02:10:03.351Z"}
{"level":"info","message":"- /api/precios/*","timestamp":"2025-05-15T02:10:03.352Z"}
{"level":"info","message":"- /api/pdf/*","timestamp":"2025-05-15T02:10:03.352Z"}
{"level":"info","message":"Base de datos conectada correctamente","timestamp":"2025-05-15T02:13:07.430Z"}
{"level":"info","message":"Servidor corriendo en el puerto 3000","timestamp":"2025-05-15T02:13:07.435Z"}
{"level":"info","message":"Rutas registradas:","timestamp":"2025-05-15T02:13:07.436Z"}
{"level":"info","message":"- /api/usuarios/*","timestamp":"2025-05-15T02:13:07.436Z"}
{"level":"info","message":"- /api/pedidos/*","timestamp":"2025-05-15T02:13:07.437Z"}
{"level":"info","message":"- /api/pedidos/facturacion-diaria","timestamp":"2025-05-15T02:13:07.437Z"}
{"level":"info","message":"- /api/precios/*","timestamp":"2025-05-15T02:13:07.438Z"}
{"level":"info","message":"- /api/pdf/*","timestamp":"2025-05-15T02:13:07.438Z"}
{"level":"info","message":"Base de datos conectada correctamente","timestamp":"2025-05-15T02:14:58.871Z"}
{"level":"info","message":"Servidor corriendo en el puerto 3000","timestamp":"2025-05-15T02:14:58.877Z"}
{"level":"info","message":"Rutas registradas:","timestamp":"2025-05-15T02:14:58.878Z"}
{"level":"info","message":"- /api/usuarios/*","timestamp":"2025-05-15T02:14:58.878Z"}
{"level":"info","message":"- /api/pedidos/*","timestamp":"2025-05-15T02:14:58.879Z"}
{"level":"info","message":"- /api/pedidos/facturacion-diaria","timestamp":"2025-05-15T02:14:58.879Z"}
{"level":"info","message":"- /api/precios/*","timestamp":"2025-05-15T02:14:58.880Z"}
{"level":"info","message":"- /api/pdf/*","timestamp":"2025-05-15T02:14:58.880Z"}
{"level":"info","message":"Base de datos conectada correctamente","timestamp":"2025-05-15T02:21:45.579Z"}
{"level":"info","message":"Servidor corriendo en el puerto 3000","timestamp":"2025-05-15T02:21:45.587Z"}
{"level":"info","message":"Rutas registradas:","timestamp":"2025-05-15T02:21:45.588Z"}
{"level":"info","message":"- /api/usuarios/*","timestamp":"2025-05-15T02:21:45.588Z"}
{"level":"info","message":"- /api/pedidos/*","timestamp":"2025-05-15T02:21:45.589Z"}
{"level":"info","message":"- /api/pedidos/facturacion-diaria","timestamp":"2025-05-15T02:21:45.589Z"}
{"level":"info","message":"- /api/precios/*","timestamp":"2025-05-15T02:21:45.589Z"}
{"level":"info","message":"- /api/pdf/*","timestamp":"2025-05-15T02:21:45.590Z"}
{"level":"info","message":"Base de datos conectada correctamente","timestamp":"2025-05-15T02:44:41.003Z"}
{"level":"info","message":"Servidor corriendo en el puerto 3000","timestamp":"2025-05-15T02:44:41.008Z"}
{"level":"info","message":"Rutas registradas:","timestamp":"2025-05-15T02:44:41.008Z"}
{"level":"info","message":"- /api/usuarios/*","timestamp":"2025-05-15T02:44:41.009Z"}
{"level":"info","message":"- /api/pedidos/*","timestamp":"2025-05-15T02:44:41.009Z"}
{"level":"info","message":"- /api/pedidos/facturacion-diaria","timestamp":"2025-05-15T02:44:41.009Z"}
{"level":"info","message":"- /api/precios/*","timestamp":"2025-05-15T02:44:41.010Z"}
{"level":"info","message":"- /api/pdf/*","timestamp":"2025-05-15T02:44:41.010Z"}
{"level":"info","message":"Base de datos conectada correctamente","timestamp":"2025-05-15T22:06:03.252Z"}
{"level":"info","message":"Servidor corriendo en el puerto 3000","timestamp":"2025-05-15T22:06:03.258Z"}
{"level":"info","message":"Rutas registradas:","timestamp":"2025-05-15T22:06:03.259Z"}
{"level":"info","message":"- /api/usuarios/*","timestamp":"2025-05-15T22:06:03.259Z"}
{"level":"info","message":"- /api/pedidos/*","timestamp":"2025-05-15T22:06:03.260Z"}
{"level":"info","message":"- /api/pedidos/facturacion-diaria","timestamp":"2025-05-15T22:06:03.260Z"}
{"level":"info","message":"- /api/precios/*","timestamp":"2025-05-15T22:06:03.261Z"}
{"level":"info","message":"- /api/pdf/*","timestamp":"2025-05-15T22:06:03.261Z"}
{"level":"error","message":"Error al iniciar el servidor: Access denied for user 'u832988641_imprentadb'@'localhost' (using password: YES)","name":"SequelizeAccessDeniedError","original":{"code":"ER_ACCESS_DENIED_ERROR","errno":1045,"sqlMessage":"Access denied for user 'u832988641_imprentadb'@'localhost' (using password: YES)","sqlState":"28000"},"parent":{"code":"ER_ACCESS_DENIED_ERROR","errno":1045,"sqlMessage":"Access denied for user 'u832988641_imprentadb'@'localhost' (using password: YES)","sqlState":"28000"},"stack":"SequelizeAccessDeniedError: Access denied for user 'u832988641_imprentadb'@'localhost' (using password: YES)\n    at ConnectionManager.connect (C:\\Users\\santi\\Desktop\\imprenta\\backend-imprenta\\node_modules\\sequelize\\lib\\dialects\\mysql\\connection-manager.js:94:17)\n    at process.processTicksAndRejections (node:internal/process/task_queues:105:5)\n    at async ConnectionManager._connect (C:\\Users\\santi\\Desktop\\imprenta\\backend-imprenta\\node_modules\\sequelize\\lib\\dialects\\abstract\\connection-manager.js:222:24)\n    at async C:\\Users\\santi\\Desktop\\imprenta\\backend-imprenta\\node_modules\\sequelize\\lib\\dialects\\abstract\\connection-manager.js:174:32","timestamp":"2025-05-24T08:08:26.247Z"}
{"level":"error","message":"Error al iniciar el servidor: Access denied for user 'u832988641_imprentadb'@'localhost' (using password: YES)","name":"SequelizeAccessDeniedError","original":{"code":"ER_ACCESS_DENIED_ERROR","errno":1045,"sqlMessage":"Access denied for user 'u832988641_imprentadb'@'localhost' (using password: YES)","sqlState":"28000"},"parent":{"code":"ER_ACCESS_DENIED_ERROR","errno":1045,"sqlMessage":"Access denied for user 'u832988641_imprentadb'@'localhost' (using password: YES)","sqlState":"28000"},"stack":"SequelizeAccessDeniedError: Access denied for user 'u832988641_imprentadb'@'localhost' (using password: YES)\n    at ConnectionManager.connect (C:\\Users\\santi\\Desktop\\imprenta\\backend-imprenta\\node_modules\\sequelize\\lib\\dialects\\mysql\\connection-manager.js:94:17)\n    at process.processTicksAndRejections (node:internal/process/task_queues:105:5)\n    at async ConnectionManager._connect (C:\\Users\\santi\\Desktop\\imprenta\\backend-imprenta\\node_modules\\sequelize\\lib\\dialects\\abstract\\connection-manager.js:222:24)\n    at async C:\\Users\\santi\\Desktop\\imprenta\\backend-imprenta\\node_modules\\sequelize\\lib\\dialects\\abstract\\connection-manager.js:174:32","timestamp":"2025-05-24T19:35:09.352Z"}
